# ELBREAD: Elaboration process.
# ELBREAD: Elaboration time 0.0 [s].
asim -O5 +access +r +m+uramaddressmapper_tb uramaddressmapper_tb behavioral
# ELBREAD: Elaboration process.
# ELBREAD: Elaboration time 0.0 [s].
# asim: Stack memory: 32MB
# asim: Retval memory: 32MB
acom -O3 -work LK_OpticaFlow -2002  $dsn/src/URAMAddressMapper_tb.vhd
# Compile...
# Warning: DAGGEN_0523: The source is compiled without the -dbg switch. Line breakpoints, code coverage, and assertion debug will not be available.
# File: C:\My_Designs\LK\LK_OpticaFlow\src\URAMAddressMapper_tb.vhd
# Compile Entity "URAMAddressMapper_tb"
# Compile Architecture "behavioral" of Entity "URAMAddressMapper_tb"
# Compile success 0 Errors 0 Warnings  Analysis time :  0.1 [s]
# ELBREAD: Elaboration process.
# ELBREAD: Elaboration time 0.0 [s].
# KERNEL: Main thread initiated.
# KERNEL: Kernel process initialization phase.
# KERNEL: Time resolution set to 1ps.
# ELAB2: Elaboration final pass...
# ELAB2: Create instances ...
# ELAB2: Create instances complete.
# SLP: Started
# SLP: Elaboration phase ...
# SLP: Elaboration phase ... skipped, nothing to simulate in SLP mode : 0.0 [s]
# SLP: Finished : 0.0 [s]
# ELAB2: Elaboration final pass complete - time: 0.0 [s].
# KERNEL: Kernel process initialization done.
# Allocation: Simulator allocated 6499 kB (elbread=1024 elab2=5125 kernel=350 sdf=0)
# KERNEL: ASDB file was created in location C:\My_Designs\LK\LK_OpticaFlow\src\wave.asdb
#  9:48 PM, Monday, December 30, 2019
#  Simulation has been initialized
#  Selected Top-Level: uramaddressmapper_tb (behavioral)
# add wave -noreg {/URAM_AM_in_border}
# add wave -noreg {/URAM_AM_in_addr_of_block_search}
# add wave -noreg {/URAM_AM_in_addr_within_block_search}
# add wave -noreg {/URAM_AM_out_vectorized_addr}
# 4 signal(s) traced.
run @100ns
# KERNEL: stopped at time: 100 ns
# add wave -noreg {/DUT1/URAM_AM_temp_vectorized_addr}
# 1 signal(s) traced.
acom -O3 -work LK_OpticaFlow -2002  $dsn/src/URAMAddressMapper_tb.vhd
# Compile...
# Warning: DAGGEN_0523: The source is compiled without the -dbg switch. Line breakpoints, code coverage, and assertion debug will not be available.
# File: C:\My_Designs\LK\LK_OpticaFlow\src\URAMAddressMapper_tb.vhd
# Compile Entity "URAMAddressMapper_tb"
# Compile Architecture "behavioral" of Entity "URAMAddressMapper_tb"
# Compile success 0 Errors 0 Warnings  Analysis time :  0.2 [s]
restart
# ELBREAD: Elaboration process.
# ELBREAD: Elaboration time 0.0 [s].
# KERNEL: Main thread initiated.
# KERNEL: Kernel process initialization phase.
# KERNEL: Time resolution set to 1ps.
# ELAB2: Elaboration final pass...
# ELAB2: Create instances ...
# ELAB2: Create instances complete.
# SLP: Started
# SLP: Elaboration phase ...
# SLP: Elaboration phase ... skipped, nothing to simulate in SLP mode : 0.0 [s]
# SLP: Finished : 0.0 [s]
# ELAB2: Elaboration final pass complete - time: 0.0 [s].
# KERNEL: Kernel process initialization done.
# Allocation: Simulator allocated 6499 kB (elbread=1024 elab2=5125 kernel=350 sdf=0)
# KERNEL: ASDB file was created in location C:\My_Designs\LK\LK_OpticaFlow\src\wave.asdb
#  9:50 PM, Monday, December 30, 2019
#  Simulation has been initialized
#  Selected Top-Level: uramaddressmapper_tb (behavioral)
run @100ns
# KERNEL: stopped at time: 100 ns
# add wave -noreg {/DUT1/index}
# 1 signal(s) traced.
acom -O3 -work LK_OpticaFlow -2002  $dsn/src/URAMAddressMapper.vhd
# Compile...
# Warning: DAGGEN_0523: The source is compiled without the -dbg switch. Line breakpoints, code coverage, and assertion debug will not be available.
# File: C:\My_Designs\LK\LK_OpticaFlow\src\URAMAddressMapper.vhd
# Compile Entity "URAMAddressMapper"
# Compile Architecture "behavioral" of Entity "URAMAddressMapper"
# Compile success 0 Errors 0 Warnings  Analysis time :  0.1 [s]
restart
# ELBREAD: Elaboration process.
# ELBREAD: Elaboration time 0.0 [s].
# KERNEL: Main thread initiated.
# KERNEL: Kernel process initialization phase.
# KERNEL: Time resolution set to 1ps.
# ELAB2: Elaboration final pass...
# ELAB2: Create instances ...
# ELAB2: Create instances complete.
# SLP: Started
# SLP: Elaboration phase ...
# SLP: Elaboration phase ... skipped, nothing to simulate in SLP mode : 0.0 [s]
# SLP: Finished : 0.0 [s]
# ELAB2: Elaboration final pass complete - time: 0.0 [s].
# KERNEL: Kernel process initialization done.
# Allocation: Simulator allocated 6237 kB (elbread=1024 elab2=4863 kernel=349 sdf=0)
# KERNEL: Warning: "index" does not have read access. Use switch +access +r for this region.
# KERNEL: ASDB file was created in location C:\My_Designs\LK\LK_OpticaFlow\src\wave.asdb
#  10:06 PM, Monday, December 30, 2019
#  Simulation has been initialized
#  Selected Top-Level: uramaddressmapper_tb (behavioral)
# Warning: WAVEFORM: Signal DUT1/index not found.
run @100ns
# KERNEL: stopped at time: 100 ns
acom -O3 -work LK_OpticaFlow -2002  $dsn/src/NeighborhoodAddressGenerator_A.vhd
# Compile...
# Warning: DAGGEN_0523: The source is compiled without the -dbg switch. Line breakpoints, code coverage, and assertion debug will not be available.
# File: C:\My_Designs\LK\LK_OpticaFlow\src\NeighborhoodAddressGenerator_A.vhd
# Compile Entity "NeighborhoodAddressGenerator_A"
# Compile Architecture "behavioral" of Entity "NeighborhoodAddressGenerator_A"
# Error: COMP96_0015: NeighborhoodAddressGenerator_A.vhd : (64, 141): ')' expected.
# Error: COMP96_0015: NeighborhoodAddressGenerator_A.vhd : (64, 193): ';' expected.
# Error: COMP96_0019: NeighborhoodAddressGenerator_A.vhd : (64, 193): Keyword 'end' expected.
# Error: COMP96_0015: NeighborhoodAddressGenerator_A.vhd : (78, 7): ';' expected.
# Error: COMP96_0016: NeighborhoodAddressGenerator_A.vhd : (78, 15): Design unit declaration expected.
# Compile failure 5 Errors 0 Warnings  Analysis time :  31.0 [ms]
acom -O3 -work LK_OpticaFlow -2002  $dsn/src/NeighborhoodAddressGenerator_A.vhd
# Compile...
# Warning: DAGGEN_0523: The source is compiled without the -dbg switch. Line breakpoints, code coverage, and assertion debug will not be available.
# File: C:\My_Designs\LK\LK_OpticaFlow\src\NeighborhoodAddressGenerator_A.vhd
# Compile Entity "NeighborhoodAddressGenerator_A"
# Compile Architecture "behavioral" of Entity "NeighborhoodAddressGenerator_A"
# Error: COMP96_0015: NeighborhoodAddressGenerator_A.vhd : (64, 141): ')' expected.
# Error: COMP96_0015: NeighborhoodAddressGenerator_A.vhd : (64, 197): ';' expected.
# Error: COMP96_0019: NeighborhoodAddressGenerator_A.vhd : (64, 197): Keyword 'end' expected.
# Error: COMP96_0015: NeighborhoodAddressGenerator_A.vhd : (65, 141): ')' expected.
# Error: COMP96_0015: NeighborhoodAddressGenerator_A.vhd : (65, 195): ';' expected.
# Error: COMP96_0019: NeighborhoodAddressGenerator_A.vhd : (65, 195): Keyword 'end' expected.
# Error: COMP96_0015: NeighborhoodAddressGenerator_A.vhd : (77, 8): ';' expected.
# Error: COMP96_0016: NeighborhoodAddressGenerator_A.vhd : (77, 16): Design unit declaration expected.
# Compile failure 8 Errors 0 Warnings  Analysis time :  31.0 [ms]
acom -O3 -work LK_OpticaFlow -2002  $dsn/src/NeighborhoodAddressGenerator_A.vhd
# Compile...
# Warning: DAGGEN_0523: The source is compiled without the -dbg switch. Line breakpoints, code coverage, and assertion debug will not be available.
# File: C:\My_Designs\LK\LK_OpticaFlow\src\NeighborhoodAddressGenerator_A.vhd
# Compile Entity "NeighborhoodAddressGenerator_A"
# Compile Architecture "behavioral" of Entity "NeighborhoodAddressGenerator_A"
# Error: COMP96_0015: NeighborhoodAddressGenerator_A.vhd : (64, 120): ')' expected.
# Error: COMP96_0015: NeighborhoodAddressGenerator_A.vhd : (64, 176): ';' expected.
# Error: COMP96_0019: NeighborhoodAddressGenerator_A.vhd : (64, 176): Keyword 'end' expected.
# Error: COMP96_0015: NeighborhoodAddressGenerator_A.vhd : (65, 120): ')' expected.
# Error: COMP96_0015: NeighborhoodAddressGenerator_A.vhd : (65, 174): ';' expected.
# Error: COMP96_0019: NeighborhoodAddressGenerator_A.vhd : (65, 174): Keyword 'end' expected.
# Error: COMP96_0015: NeighborhoodAddressGenerator_A.vhd : (77, 8): ';' expected.
# Error: COMP96_0016: NeighborhoodAddressGenerator_A.vhd : (77, 16): Design unit declaration expected.
# Compile failure 8 Errors 0 Warnings  Analysis time :  31.0 [ms]
acom -O3 -work LK_OpticaFlow -2002  $dsn/src/NeighborhoodAddressGenerator_A.vhd
# Compile...
# Warning: DAGGEN_0523: The source is compiled without the -dbg switch. Line breakpoints, code coverage, and assertion debug will not be available.
# File: C:\My_Designs\LK\LK_OpticaFlow\src\NeighborhoodAddressGenerator_A.vhd
# Compile Entity "NeighborhoodAddressGenerator_A"
# Compile Architecture "behavioral" of Entity "NeighborhoodAddressGenerator_A"
# Compile success 0 Errors 0 Warnings  Analysis time :  0.2 [s]
acom -O3 -work LK_OpticaFlow -2002  $dsn/src/URAMAddressMapper.vhd
# Compile...
# Warning: DAGGEN_0523: The source is compiled without the -dbg switch. Line breakpoints, code coverage, and assertion debug will not be available.
# File: C:\My_Designs\LK\LK_OpticaFlow\src\URAMAddressMapper.vhd
# Compile Entity "URAMAddressMapper"
# Compile Architecture "behavioral" of Entity "URAMAddressMapper"
# Compile success 0 Errors 0 Warnings  Analysis time :  0.2 [s]
acom -O3 -work LK_OpticaFlow -2002  $dsn/src/NeighborhoodAddressGenerator_A.vhd
# Compile...
# Warning: DAGGEN_0523: The source is compiled without the -dbg switch. Line breakpoints, code coverage, and assertion debug will not be available.
# File: C:\My_Designs\LK\LK_OpticaFlow\src\NeighborhoodAddressGenerator_A.vhd
# Compile Entity "NeighborhoodAddressGenerator_A"
# Compile Architecture "behavioral" of Entity "NeighborhoodAddressGenerator_A"
# Error: COMP96_0393: NeighborhoodAddressGenerator_A.vhd : (81, 31): Cannot read output : "NAG_out_addr_of_block_search".
# Error: COMP96_0143: NeighborhoodAddressGenerator_A.vhd : (89, 5): Object "WriteEnable" may not be written
# Compile failure 2 Errors 0 Warnings  Analysis time :  47.0 [ms]
acom -O3 -work LK_OpticaFlow -2002  $dsn/src/NeighborhoodAddressGenerator_A.vhd
# Compile...
# Warning: DAGGEN_0523: The source is compiled without the -dbg switch. Line breakpoints, code coverage, and assertion debug will not be available.
# File: C:\My_Designs\LK\LK_OpticaFlow\src\NeighborhoodAddressGenerator_A.vhd
# Compile Entity "NeighborhoodAddressGenerator_A"
# Compile Architecture "behavioral" of Entity "NeighborhoodAddressGenerator_A"
# Error: COMP96_0143: NeighborhoodAddressGenerator_A.vhd : (90, 5): Object "WriteEnable" may not be written
# Compile failure 1 Errors 0 Warnings  Analysis time :  31.0 [ms]
acom -O3 -work LK_OpticaFlow -2002  $dsn/src/NeighborhoodAddressGenerator_A.vhd
# Compile...
# Warning: DAGGEN_0523: The source is compiled without the -dbg switch. Line breakpoints, code coverage, and assertion debug will not be available.
# File: C:\My_Designs\LK\LK_OpticaFlow\src\NeighborhoodAddressGenerator_A.vhd
# Compile Entity "NeighborhoodAddressGenerator_A"
# Compile Architecture "behavioral" of Entity "NeighborhoodAddressGenerator_A"
# Compile success 0 Errors 0 Warnings  Analysis time :  0.2 [s]
acom -O3 -work LK_OpticaFlow -2002  $dsn/src/NeighborhoodAddressGenerator_A_tb.vhd
# Compile...
# Warning: DAGGEN_0523: The source is compiled without the -dbg switch. Line breakpoints, code coverage, and assertion debug will not be available.
# File: C:\My_Designs\LK\LK_OpticaFlow\src\NeighborhoodAddressGenerator_A_tb.vhd
# Compile Entity "NeighborhoodAddressGenerator_A_tb"
# Error: COMP96_0028: NeighborhoodAddressGenerator_A_tb.vhd : (30, 3): Identifier or keyword expected.
# Error: COMP96_0015: NeighborhoodAddressGenerator_A_tb.vhd : (30, 3): ';' expected.
# Error: COMP96_0019: NeighborhoodAddressGenerator_A_tb.vhd : (30, 4): Keyword 'end' expected.
# Error: COMP96_0016: NeighborhoodAddressGenerator_A_tb.vhd : (31, 1): Design unit declaration expected.
# Compile Architecture "behavioral" of Entity "NeighborhoodAddressGenerator_A_tb"
# Error: COMP96_0015: NeighborhoodAddressGenerator_A_tb.vhd : (66, 1): ';' expected.
# Compile failure 5 Errors 0 Warnings  Analysis time :  16.0 [ms]
acom -O3 -work LK_OpticaFlow -2002  $dsn/src/NeighborhoodAddressGenerator_A_tb.vhd
# Compile...
# Warning: DAGGEN_0523: The source is compiled without the -dbg switch. Line breakpoints, code coverage, and assertion debug will not be available.
# File: C:\My_Designs\LK\LK_OpticaFlow\src\NeighborhoodAddressGenerator_A_tb.vhd
# Compile Entity "NeighborhoodAddressGenerator_A_tb"
# Compile Architecture "behavioral" of Entity "NeighborhoodAddressGenerator_A_tb"
# Error: COMP96_0015: NeighborhoodAddressGenerator_A_tb.vhd : (64, 1): ';' expected.
# Compile failure 1 Errors 0 Warnings  Analysis time :  31.0 [ms]
acom -O3 -work LK_OpticaFlow -2002  $dsn/src/NeighborhoodAddressGenerator_A_tb.vhd
# Compile...
# Warning: DAGGEN_0523: The source is compiled without the -dbg switch. Line breakpoints, code coverage, and assertion debug will not be available.
# File: C:\My_Designs\LK\LK_OpticaFlow\src\NeighborhoodAddressGenerator_A_tb.vhd
# Compile Entity "NeighborhoodAddressGenerator_A_tb"
# Compile Architecture "behavioral" of Entity "NeighborhoodAddressGenerator_A_tb"
# Compile success 0 Errors 0 Warnings  Analysis time :  0.1 [s]
acom -O3 -work LK_OpticaFlow -2002  $dsn/src/NeighborhoodAddressGenerator_A_tb.vhd
# Compile...
# Warning: DAGGEN_0523: The source is compiled without the -dbg switch. Line breakpoints, code coverage, and assertion debug will not be available.
# File: C:\My_Designs\LK\LK_OpticaFlow\src\NeighborhoodAddressGenerator_A_tb.vhd
# Compile Entity "NeighborhoodAddressGenerator_A_tb"
# Compile Architecture "behavioral" of Entity "NeighborhoodAddressGenerator_A_tb"
# Compile success 0 Errors 0 Warnings  Analysis time :  0.1 [s]
#  Simulation has been stopped
# ELBREAD: Elaboration process.
# ELBREAD: Elaboration time 0.0 [s].
# ELBREAD: Elaboration process.
# ELBREAD: Elaboration time 0.0 [s].
asim -O5 +access +r +m+neighborhoodaddressgenerator_a_tb neighborhoodaddressgenerator_a_tb behavioral
# ELBREAD: Elaboration process.
# ELBREAD: Elaboration time 0.0 [s].
# asim: Stack memory: 32MB
# asim: Retval memory: 32MB
# KERNEL: Main thread initiated.
# KERNEL: Kernel process initialization phase.
# KERNEL: Time resolution set to 1ps.
# ELAB2: Elaboration final pass...
# ELAB2: Create instances ...
# ELAB2: Fatal Error: ELAB2_0013 NeighborhoodAddressGenerator_A.vhd (90): Index 16 is out of range (15 downto 0) of "WriteEnable".
# ELAB2: Last instance before error: /DUT1/tot__16/row2__-1/col2__-1
# KERNEL: Error: E8005 : Kernel process initialization failed.
# Error: Fatal error occurred during simulation initialization.
acom -O3 -work LK_OpticaFlow -2002  $dsn/src/NeighborhoodAddressGenerator_A.vhd
# Compile...
# Warning: DAGGEN_0523: The source is compiled without the -dbg switch. Line breakpoints, code coverage, and assertion debug will not be available.
# File: C:\My_Designs\LK\LK_OpticaFlow\src\NeighborhoodAddressGenerator_A.vhd
# Compile Entity "NeighborhoodAddressGenerator_A"
# Compile Architecture "behavioral" of Entity "NeighborhoodAddressGenerator_A"
# Compile success 0 Errors 0 Warnings  Analysis time :  0.2 [s]
asim -O5 +access +r +m+neighborhoodaddressgenerator_a_tb neighborhoodaddressgenerator_a_tb behavioral
# ELBREAD: Elaboration process.
# ELBREAD: Elaboration time 0.0 [s].
# asim: Stack memory: 32MB
# asim: Retval memory: 32MB
# KERNEL: Main thread initiated.
# KERNEL: Kernel process initialization phase.
# KERNEL: Time resolution set to 1ps.
# ELAB2: Elaboration final pass...
# ELAB2: Create instances ...
# ELAB2: Create instances complete.
# SLP: Started
# SLP: Elaboration phase ...
# SLP: Elaboration phase ... skipped, nothing to simulate in SLP mode : 0.0 [s]
# SLP: Finished : 0.0 [s]
# ELAB2: Elaboration final pass complete - time: 0.1 [s].
# KERNEL: Kernel process initialization done.
# Allocation: Simulator allocated 6521 kB (elbread=1026 elab2=5145 kernel=349 sdf=0)
# KERNEL: ASDB file was created in location C:\My_Designs\LK\LK_OpticaFlow\src\wave.asdb
#  4:46 PM, Tuesday, December 31, 2019
#  Simulation has been initialized
#  Selected Top-Level: neighborhoodaddressgenerator_a_tb (behavioral)
# add wave -noreg {/NAG_in_addr}
# add wave -noreg {/NAG_out_addr_within_block_search}
# add wave -noreg {/WriteEnable}
# 3 signal(s) traced.
run @100ns
# RUNTIME: Fatal Error: RUNTIME_0046 NeighborhoodAddressGenerator_A_tb.vhd (83): Incompatible ranges; left: (19 downto 0), right: (18 downto 0).
# KERNEL: Time: 0 ps,  Iteration: 0,  TOP instance,  Process: line__71.
# KERNEL: stopped at delta: 0 at time 0 ps.
# Error: Fatal error occurred during simulation.
acom -O3 -work LK_OpticaFlow -2002  $dsn/src/NeighborhoodAddressGenerator_A_tb.vhd
# Compile...
# Warning: DAGGEN_0523: The source is compiled without the -dbg switch. Line breakpoints, code coverage, and assertion debug will not be available.
# File: C:\My_Designs\LK\LK_OpticaFlow\src\NeighborhoodAddressGenerator_A_tb.vhd
# Compile Entity "NeighborhoodAddressGenerator_A_tb"
# Compile Architecture "behavioral" of Entity "NeighborhoodAddressGenerator_A_tb"
# Compile success 0 Errors 0 Warnings  Analysis time :  0.1 [s]
restart
# ELBREAD: Elaboration process.
# ELBREAD: Elaboration time 0.0 [s].
# KERNEL: Main thread initiated.
# KERNEL: Kernel process initialization phase.
# KERNEL: Time resolution set to 1ps.
# ELAB2: Elaboration final pass...
# ELAB2: Create instances ...
# ELAB2: Create instances complete.
# SLP: Started
# SLP: Elaboration phase ...
# SLP: Elaboration phase ... skipped, nothing to simulate in SLP mode : 0.0 [s]
# SLP: Finished : 0.0 [s]
# ELAB2: Elaboration final pass complete - time: 0.1 [s].
# KERNEL: Kernel process initialization done.
# Allocation: Simulator allocated 6521 kB (elbread=1026 elab2=5145 kernel=349 sdf=0)
# KERNEL: ASDB file was created in location C:\My_Designs\LK\LK_OpticaFlow\src\wave.asdb
#  4:48 PM, Tuesday, December 31, 2019
#  Simulation has been initialized
#  Selected Top-Level: neighborhoodaddressgenerator_a_tb (behavioral)
run @100ns
# KERNEL: WARNING: There is an 'U'|'X'|'W'|'Z'|'-' in an arithmetic operand, the result will be 'X'(es).
# KERNEL: Time: 0 ps,  Iteration: 0,  Instance: /DUT1/row__-1/col__-1,  Process: line__69.
# RUNTIME: Fatal Error: RUNTIME_0043 NeighborhoodAddressGenerator_A.vhd (69): Value -1 out of range (0 to 2147483647).
# KERNEL: Time: 0 ps,  Iteration: 0,  Instance: /DUT1/row__-1/col__-1,  Process: line__69.
# KERNEL: stopped at delta: 0 at time 0 ps.
# Error: Fatal error occurred during simulation.
acom -O3 -work LK_OpticaFlow -2002  $dsn/src/NeighborhoodAddressGenerator_A.vhd
# Compile...
# Warning: DAGGEN_0523: The source is compiled without the -dbg switch. Line breakpoints, code coverage, and assertion debug will not be available.
# File: C:\My_Designs\LK\LK_OpticaFlow\src\NeighborhoodAddressGenerator_A.vhd
# Compile Entity "NeighborhoodAddressGenerator_A"
# Compile Architecture "behavioral" of Entity "NeighborhoodAddressGenerator_A"
# Error: COMP96_0093: NeighborhoodAddressGenerator_A.vhd : (69, 216): Actual parameter types in subprogram call do not match subprogram formal parameter types.
# Error: COMP96_0617: NeighborhoodAddressGenerator_A.vhd : (69, 204): Assignment target incompatible with right side. Cannot convert 'UNRESOLVED_UNSIGNED' to 'STD_ULOGIC_VECTOR'.
# Compile failure 2 Errors 0 Warnings  Analysis time :  47.0 [ms]
acom -O3 -work LK_OpticaFlow -2002  $dsn/src/NeighborhoodAddressGenerator_A.vhd
# Compile...
# Warning: DAGGEN_0523: The source is compiled without the -dbg switch. Line breakpoints, code coverage, and assertion debug will not be available.
# File: C:\My_Designs\LK\LK_OpticaFlow\src\NeighborhoodAddressGenerator_A.vhd
# Compile Entity "NeighborhoodAddressGenerator_A"
# Compile Architecture "behavioral" of Entity "NeighborhoodAddressGenerator_A"
# Compile success 0 Errors 0 Warnings  Analysis time :  0.2 [s]
acom -O3 -work LK_OpticaFlow -2002  $dsn/src/NeighborhoodAddressGenerator_A.vhd
# Compile...
# Warning: DAGGEN_0523: The source is compiled without the -dbg switch. Line breakpoints, code coverage, and assertion debug will not be available.
# File: C:\My_Designs\LK\LK_OpticaFlow\src\NeighborhoodAddressGenerator_A.vhd
# Compile Entity "NeighborhoodAddressGenerator_A"
# Compile Architecture "behavioral" of Entity "NeighborhoodAddressGenerator_A"
# Compile success 0 Errors 0 Warnings  Analysis time :  0.2 [s]
restart
# ELBREAD: Elaboration process.
# ELBREAD: Elaboration time 0.0 [s].
# KERNEL: Main thread initiated.
# KERNEL: Kernel process initialization phase.
# KERNEL: Time resolution set to 1ps.
# ELAB2: Elaboration final pass...
# ELAB2: Create instances ...
# ELAB2: Create instances complete.
# SLP: Started
# SLP: Elaboration phase ...
# SLP: Elaboration phase ... skipped, nothing to simulate in SLP mode : 0.0 [s]
# SLP: Finished : 0.0 [s]
# ELAB2: Elaboration final pass complete - time: 0.1 [s].
# KERNEL: Kernel process initialization done.
# Allocation: Simulator allocated 6521 kB (elbread=1026 elab2=5145 kernel=349 sdf=0)
# KERNEL: ASDB file was created in location C:\My_Designs\LK\LK_OpticaFlow\src\wave.asdb
#  4:55 PM, Tuesday, December 31, 2019
#  Simulation has been initialized
#  Selected Top-Level: neighborhoodaddressgenerator_a_tb (behavioral)
run @100ns
# KERNEL: WARNING: There is an 'U'|'X'|'W'|'Z'|'-' in an arithmetic operand, the result will be 'X'(es).
# KERNEL: Time: 0 ps,  Iteration: 0,  Instance: /DUT1/row__-1/col__-1,  Process: line__69.
# KERNEL: WARNING: There is an 'U'|'X'|'W'|'Z'|'-' in an arithmetic operand, the result will be 'X'(es).
# KERNEL: Time: 0 ps,  Iteration: 0,  Instance: /DUT1/row__-1/col__-1,  Process: line__69.
# KERNEL: WARNING: There is an 'U'|'X'|'W'|'Z'|'-' in an arithmetic operand, the result will be 'X'(es).
# KERNEL: Time: 0 ps,  Iteration: 0,  Instance: /DUT1/row__-1/col__-1,  Process: line__70.
# KERNEL: WARNING: There is an 'U'|'X'|'W'|'Z'|'-' in an arithmetic operand, the result will be 'X'(es).
# KERNEL: Time: 0 ps,  Iteration: 0,  Instance: /DUT1/row__-1/col__-1,  Process: line__70.
# KERNEL: WARNING: There is an 'U'|'X'|'W'|'Z'|'-' in an arithmetic operand, the result will be 'X'(es).
# KERNEL: Time: 0 ps,  Iteration: 0,  Instance: /DUT1/row__-1/col__-1,  Process: line__82.
# KERNEL: WARNING: There is an 'U'|'X'|'W'|'Z'|'-' in an arithmetic operand, the result will be 'X'(es).
# KERNEL: Time: 0 ps,  Iteration: 0,  Instance: /DUT1/row__-1/col__0,  Process: line__69.
# KERNEL: WARNING: There is an 'U'|'X'|'W'|'Z'|'-' in an arithmetic operand, the result will be 'X'(es).
# KERNEL: Time: 0 ps,  Iteration: 0,  Instance: /DUT1/row__-1/col__0,  Process: line__69.
# KERNEL: WARNING: There is an 'U'|'X'|'W'|'Z'|'-' in an arithmetic operand, the result will be 'X'(es).
# KERNEL: Time: 0 ps,  Iteration: 0,  Instance: /DUT1/row__-1/col__0,  Process: line__70.
# KERNEL: WARNING: There is an 'U'|'X'|'W'|'Z'|'-' in an arithmetic operand, the result will be 'X'(es).
# KERNEL: Time: 0 ps,  Iteration: 0,  Instance: /DUT1/row__-1/col__0,  Process: line__70.
# KERNEL: WARNING: There is an 'U'|'X'|'W'|'Z'|'-' in an arithmetic operand, the result will be 'X'(es).
# KERNEL: Time: 0 ps,  Iteration: 0,  Instance: /DUT1/row__-1/col__0,  Process: line__82.
# KERNEL: WARNING: There is an 'U'|'X'|'W'|'Z'|'-' in an arithmetic operand, the result will be 'X'(es).
# KERNEL: Time: 0 ps,  Iteration: 0,  Instance: /DUT1/row__-1/col__1,  Process: line__69.
# KERNEL: WARNING: There is an 'U'|'X'|'W'|'Z'|'-' in an arithmetic operand, the result will be 'X'(es).
# KERNEL: Time: 0 ps,  Iteration: 0,  Instance: /DUT1/row__-1/col__1,  Process: line__69.
# KERNEL: WARNING: There is an 'U'|'X'|'W'|'Z'|'-' in an arithmetic operand, the result will be 'X'(es).
# KERNEL: Time: 0 ps,  Iteration: 0,  Instance: /DUT1/row__-1/col__1,  Process: line__70.
# KERNEL: WARNING: There is an 'U'|'X'|'W'|'Z'|'-' in an arithmetic operand, the result will be 'X'(es).
# KERNEL: Time: 0 ps,  Iteration: 0,  Instance: /DUT1/row__-1/col__1,  Process: line__70.
# KERNEL: WARNING: There is an 'U'|'X'|'W'|'Z'|'-' in an arithmetic operand, the result will be 'X'(es).
# KERNEL: Time: 0 ps,  Iteration: 0,  Instance: /DUT1/row__-1/col__1,  Process: line__82.
# KERNEL: WARNING: There is an 'U'|'X'|'W'|'Z'|'-' in an arithmetic operand, the result will be 'X'(es).
# KERNEL: Time: 0 ps,  Iteration: 0,  Instance: /DUT1/row__0/col__-1,  Process: line__69.
# KERNEL: WARNING: There is an 'U'|'X'|'W'|'Z'|'-' in an arithmetic operand, the result will be 'X'(es).
# KERNEL: Time: 0 ps,  Iteration: 0,  Instance: /DUT1/row__0/col__-1,  Process: line__69.
# KERNEL: WARNING: There is an 'U'|'X'|'W'|'Z'|'-' in an arithmetic operand, the result will be 'X'(es).
# KERNEL: Time: 0 ps,  Iteration: 0,  Instance: /DUT1/row__0/col__-1,  Process: line__70.
# KERNEL: WARNING: There is an 'U'|'X'|'W'|'Z'|'-' in an arithmetic operand, the result will be 'X'(es).
# KERNEL: Time: 0 ps,  Iteration: 0,  Instance: /DUT1/row__0/col__-1,  Process: line__70.
# KERNEL: WARNING: There is an 'U'|'X'|'W'|'Z'|'-' in an arithmetic operand, the result will be 'X'(es).
# KERNEL: Time: 0 ps,  Iteration: 0,  Instance: /DUT1/row__0/col__-1,  Process: line__82.
# KERNEL: WARNING: There is an 'U'|'X'|'W'|'Z'|'-' in an arithmetic operand, the result will be 'X'(es).
# KERNEL: Time: 0 ps,  Iteration: 0,  Instance: /DUT1/row__0/col__0,  Process: line__69.
# KERNEL: WARNING: There is an 'U'|'X'|'W'|'Z'|'-' in an arithmetic operand, the result will be 'X'(es).
# KERNEL: Time: 0 ps,  Iteration: 0,  Instance: /DUT1/row__0/col__0,  Process: line__69.
# KERNEL: WARNING: There is an 'U'|'X'|'W'|'Z'|'-' in an arithmetic operand, the result will be 'X'(es).
# KERNEL: Time: 0 ps,  Iteration: 0,  Instance: /DUT1/row__0/col__0,  Process: line__70.
# KERNEL: WARNING: There is an 'U'|'X'|'W'|'Z'|'-' in an arithmetic operand, the result will be 'X'(es).
# KERNEL: Time: 0 ps,  Iteration: 0,  Instance: /DUT1/row__0/col__0,  Process: line__70.
# KERNEL: WARNING: There is an 'U'|'X'|'W'|'Z'|'-' in an arithmetic operand, the result will be 'X'(es).
# KERNEL: Time: 0 ps,  Iteration: 0,  Instance: /DUT1/row__0/col__0,  Process: line__82.
# KERNEL: WARNING: There is an 'U'|'X'|'W'|'Z'|'-' in an arithmetic operand, the result will be 'X'(es).
# KERNEL: Time: 0 ps,  Iteration: 0,  Instance: /DUT1/row__0/col__1,  Process: line__69.
# KERNEL: WARNING: There is an 'U'|'X'|'W'|'Z'|'-' in an arithmetic operand, the result will be 'X'(es).
# KERNEL: Time: 0 ps,  Iteration: 0,  Instance: /DUT1/row__0/col__1,  Process: line__69.
# KERNEL: WARNING: There is an 'U'|'X'|'W'|'Z'|'-' in an arithmetic operand, the result will be 'X'(es).
# KERNEL: Time: 0 ps,  Iteration: 0,  Instance: /DUT1/row__0/col__1,  Process: line__70.
# KERNEL: WARNING: There is an 'U'|'X'|'W'|'Z'|'-' in an arithmetic operand, the result will be 'X'(es).
# KERNEL: Time: 0 ps,  Iteration: 0,  Instance: /DUT1/row__0/col__1,  Process: line__70.
# KERNEL: WARNING: There is an 'U'|'X'|'W'|'Z'|'-' in an arithmetic operand, the result will be 'X'(es).
# KERNEL: Time: 0 ps,  Iteration: 0,  Instance: /DUT1/row__0/col__1,  Process: line__82.
# KERNEL: WARNING: There is an 'U'|'X'|'W'|'Z'|'-' in an arithmetic operand, the result will be 'X'(es).
# KERNEL: Time: 0 ps,  Iteration: 0,  Instance: /DUT1/row__1/col__-1,  Process: line__69.
# KERNEL: WARNING: There is an 'U'|'X'|'W'|'Z'|'-' in an arithmetic operand, the result will be 'X'(es).
# KERNEL: Time: 0 ps,  Iteration: 0,  Instance: /DUT1/row__1/col__-1,  Process: line__69.
# KERNEL: WARNING: There is an 'U'|'X'|'W'|'Z'|'-' in an arithmetic operand, the result will be 'X'(es).
# KERNEL: Time: 0 ps,  Iteration: 0,  Instance: /DUT1/row__1/col__-1,  Process: line__70.
# KERNEL: WARNING: There is an 'U'|'X'|'W'|'Z'|'-' in an arithmetic operand, the result will be 'X'(es).
# KERNEL: Time: 0 ps,  Iteration: 0,  Instance: /DUT1/row__1/col__-1,  Process: line__70.
# KERNEL: WARNING: There is an 'U'|'X'|'W'|'Z'|'-' in an arithmetic operand, the result will be 'X'(es).
# KERNEL: Time: 0 ps,  Iteration: 0,  Instance: /DUT1/row__1/col__-1,  Process: line__82.
# KERNEL: WARNING: There is an 'U'|'X'|'W'|'Z'|'-' in an arithmetic operand, the result will be 'X'(es).
# KERNEL: Time: 0 ps,  Iteration: 0,  Instance: /DUT1/row__1/col__0,  Process: line__69.
# KERNEL: WARNING: There is an 'U'|'X'|'W'|'Z'|'-' in an arithmetic operand, the result will be 'X'(es).
# KERNEL: Time: 0 ps,  Iteration: 0,  Instance: /DUT1/row__1/col__0,  Process: line__69.
# KERNEL: WARNING: There is an 'U'|'X'|'W'|'Z'|'-' in an arithmetic operand, the result will be 'X'(es).
# KERNEL: Time: 0 ps,  Iteration: 0,  Instance: /DUT1/row__1/col__0,  Process: line__70.
# KERNEL: WARNING: There is an 'U'|'X'|'W'|'Z'|'-' in an arithmetic operand, the result will be 'X'(es).
# KERNEL: Time: 0 ps,  Iteration: 0,  Instance: /DUT1/row__1/col__0,  Process: line__70.
# KERNEL: WARNING: There is an 'U'|'X'|'W'|'Z'|'-' in an arithmetic operand, the result will be 'X'(es).
# KERNEL: Time: 0 ps,  Iteration: 0,  Instance: /DUT1/row__1/col__0,  Process: line__82.
# KERNEL: WARNING: There is an 'U'|'X'|'W'|'Z'|'-' in an arithmetic operand, the result will be 'X'(es).
# KERNEL: Time: 0 ps,  Iteration: 0,  Instance: /DUT1/row__1/col__1,  Process: line__69.
# KERNEL: WARNING: There is an 'U'|'X'|'W'|'Z'|'-' in an arithmetic operand, the result will be 'X'(es).
# KERNEL: Time: 0 ps,  Iteration: 0,  Instance: /DUT1/row__1/col__1,  Process: line__69.
# KERNEL: WARNING: There is an 'U'|'X'|'W'|'Z'|'-' in an arithmetic operand, the result will be 'X'(es).
# KERNEL: Time: 0 ps,  Iteration: 0,  Instance: /DUT1/row__1/col__1,  Process: line__70.
# KERNEL: WARNING: There is an 'U'|'X'|'W'|'Z'|'-' in an arithmetic operand, the result will be 'X'(es).
# KERNEL: Time: 0 ps,  Iteration: 0,  Instance: /DUT1/row__1/col__1,  Process: line__70.
# KERNEL: WARNING: There is an 'U'|'X'|'W'|'Z'|'-' in an arithmetic operand, the result will be 'X'(es).
# KERNEL: Time: 0 ps,  Iteration: 0,  Instance: /DUT1/row__1/col__1,  Process: line__82.
# KERNEL: stopped at time: 100 ns
# add wave -noreg {/DUT1/MC_out_temp_addr_Y}
# add wave -noreg {/DUT1/MC_out_temp_addr_X}
# 2 signal(s) traced.
restart
# ELBREAD: Elaboration process.
# ELBREAD: Elaboration time 0.0 [s].
# KERNEL: Main thread initiated.
# KERNEL: Kernel process initialization phase.
# KERNEL: Time resolution set to 1ps.
# ELAB2: Elaboration final pass...
# ELAB2: Create instances ...
# ELAB2: Create instances complete.
# SLP: Started
# SLP: Elaboration phase ...
# SLP: Elaboration phase ... skipped, nothing to simulate in SLP mode : 0.0 [s]
# SLP: Finished : 0.0 [s]
# ELAB2: Elaboration final pass complete - time: 0.0 [s].
# KERNEL: Kernel process initialization done.
# Allocation: Simulator allocated 6521 kB (elbread=1026 elab2=5145 kernel=349 sdf=0)
# KERNEL: ASDB file was created in location C:\My_Designs\LK\LK_OpticaFlow\src\wave.asdb
#  5:37 PM, Tuesday, December 31, 2019
#  Simulation has been initialized
#  Selected Top-Level: neighborhoodaddressgenerator_a_tb (behavioral)
run @100ns
# KERNEL: WARNING: There is an 'U'|'X'|'W'|'Z'|'-' in an arithmetic operand, the result will be 'X'(es).
# KERNEL: Time: 0 ps,  Iteration: 0,  Instance: /DUT1/row__-1/col__-1,  Process: line__69.
# KERNEL: WARNING: There is an 'U'|'X'|'W'|'Z'|'-' in an arithmetic operand, the result will be 'X'(es).
# KERNEL: Time: 0 ps,  Iteration: 0,  Instance: /DUT1/row__-1/col__-1,  Process: line__69.
# KERNEL: WARNING: There is an 'U'|'X'|'W'|'Z'|'-' in an arithmetic operand, the result will be 'X'(es).
# KERNEL: Time: 0 ps,  Iteration: 0,  Instance: /DUT1/row__-1/col__-1,  Process: line__70.
# KERNEL: WARNING: There is an 'U'|'X'|'W'|'Z'|'-' in an arithmetic operand, the result will be 'X'(es).
# KERNEL: Time: 0 ps,  Iteration: 0,  Instance: /DUT1/row__-1/col__-1,  Process: line__70.
# KERNEL: WARNING: There is an 'U'|'X'|'W'|'Z'|'-' in an arithmetic operand, the result will be 'X'(es).
# KERNEL: Time: 0 ps,  Iteration: 0,  Instance: /DUT1/row__-1/col__-1,  Process: line__82.
# KERNEL: WARNING: There is an 'U'|'X'|'W'|'Z'|'-' in an arithmetic operand, the result will be 'X'(es).
# KERNEL: Time: 0 ps,  Iteration: 0,  Instance: /DUT1/row__-1/col__0,  Process: line__69.
# KERNEL: WARNING: There is an 'U'|'X'|'W'|'Z'|'-' in an arithmetic operand, the result will be 'X'(es).
# KERNEL: Time: 0 ps,  Iteration: 0,  Instance: /DUT1/row__-1/col__0,  Process: line__69.
# KERNEL: WARNING: There is an 'U'|'X'|'W'|'Z'|'-' in an arithmetic operand, the result will be 'X'(es).
# KERNEL: Time: 0 ps,  Iteration: 0,  Instance: /DUT1/row__-1/col__0,  Process: line__70.
# KERNEL: WARNING: There is an 'U'|'X'|'W'|'Z'|'-' in an arithmetic operand, the result will be 'X'(es).
# KERNEL: Time: 0 ps,  Iteration: 0,  Instance: /DUT1/row__-1/col__0,  Process: line__70.
# KERNEL: WARNING: There is an 'U'|'X'|'W'|'Z'|'-' in an arithmetic operand, the result will be 'X'(es).
# KERNEL: Time: 0 ps,  Iteration: 0,  Instance: /DUT1/row__-1/col__0,  Process: line__82.
# KERNEL: WARNING: There is an 'U'|'X'|'W'|'Z'|'-' in an arithmetic operand, the result will be 'X'(es).
# KERNEL: Time: 0 ps,  Iteration: 0,  Instance: /DUT1/row__-1/col__1,  Process: line__69.
# KERNEL: WARNING: There is an 'U'|'X'|'W'|'Z'|'-' in an arithmetic operand, the result will be 'X'(es).
# KERNEL: Time: 0 ps,  Iteration: 0,  Instance: /DUT1/row__-1/col__1,  Process: line__69.
# KERNEL: WARNING: There is an 'U'|'X'|'W'|'Z'|'-' in an arithmetic operand, the result will be 'X'(es).
# KERNEL: Time: 0 ps,  Iteration: 0,  Instance: /DUT1/row__-1/col__1,  Process: line__70.
# KERNEL: WARNING: There is an 'U'|'X'|'W'|'Z'|'-' in an arithmetic operand, the result will be 'X'(es).
# KERNEL: Time: 0 ps,  Iteration: 0,  Instance: /DUT1/row__-1/col__1,  Process: line__70.
# KERNEL: WARNING: There is an 'U'|'X'|'W'|'Z'|'-' in an arithmetic operand, the result will be 'X'(es).
# KERNEL: Time: 0 ps,  Iteration: 0,  Instance: /DUT1/row__-1/col__1,  Process: line__82.
# KERNEL: WARNING: There is an 'U'|'X'|'W'|'Z'|'-' in an arithmetic operand, the result will be 'X'(es).
# KERNEL: Time: 0 ps,  Iteration: 0,  Instance: /DUT1/row__0/col__-1,  Process: line__69.
# KERNEL: WARNING: There is an 'U'|'X'|'W'|'Z'|'-' in an arithmetic operand, the result will be 'X'(es).
# KERNEL: Time: 0 ps,  Iteration: 0,  Instance: /DUT1/row__0/col__-1,  Process: line__69.
# KERNEL: WARNING: There is an 'U'|'X'|'W'|'Z'|'-' in an arithmetic operand, the result will be 'X'(es).
# KERNEL: Time: 0 ps,  Iteration: 0,  Instance: /DUT1/row__0/col__-1,  Process: line__70.
# KERNEL: WARNING: There is an 'U'|'X'|'W'|'Z'|'-' in an arithmetic operand, the result will be 'X'(es).
# KERNEL: Time: 0 ps,  Iteration: 0,  Instance: /DUT1/row__0/col__-1,  Process: line__70.
# KERNEL: WARNING: There is an 'U'|'X'|'W'|'Z'|'-' in an arithmetic operand, the result will be 'X'(es).
# KERNEL: Time: 0 ps,  Iteration: 0,  Instance: /DUT1/row__0/col__-1,  Process: line__82.
# KERNEL: WARNING: There is an 'U'|'X'|'W'|'Z'|'-' in an arithmetic operand, the result will be 'X'(es).
# KERNEL: Time: 0 ps,  Iteration: 0,  Instance: /DUT1/row__0/col__0,  Process: line__69.
# KERNEL: WARNING: There is an 'U'|'X'|'W'|'Z'|'-' in an arithmetic operand, the result will be 'X'(es).
# KERNEL: Time: 0 ps,  Iteration: 0,  Instance: /DUT1/row__0/col__0,  Process: line__69.
# KERNEL: WARNING: There is an 'U'|'X'|'W'|'Z'|'-' in an arithmetic operand, the result will be 'X'(es).
# KERNEL: Time: 0 ps,  Iteration: 0,  Instance: /DUT1/row__0/col__0,  Process: line__70.
# KERNEL: WARNING: There is an 'U'|'X'|'W'|'Z'|'-' in an arithmetic operand, the result will be 'X'(es).
# KERNEL: Time: 0 ps,  Iteration: 0,  Instance: /DUT1/row__0/col__0,  Process: line__70.
# KERNEL: WARNING: There is an 'U'|'X'|'W'|'Z'|'-' in an arithmetic operand, the result will be 'X'(es).
# KERNEL: Time: 0 ps,  Iteration: 0,  Instance: /DUT1/row__0/col__0,  Process: line__82.
# KERNEL: WARNING: There is an 'U'|'X'|'W'|'Z'|'-' in an arithmetic operand, the result will be 'X'(es).
# KERNEL: Time: 0 ps,  Iteration: 0,  Instance: /DUT1/row__0/col__1,  Process: line__69.
# KERNEL: WARNING: There is an 'U'|'X'|'W'|'Z'|'-' in an arithmetic operand, the result will be 'X'(es).
# KERNEL: Time: 0 ps,  Iteration: 0,  Instance: /DUT1/row__0/col__1,  Process: line__69.
# KERNEL: WARNING: There is an 'U'|'X'|'W'|'Z'|'-' in an arithmetic operand, the result will be 'X'(es).
# KERNEL: Time: 0 ps,  Iteration: 0,  Instance: /DUT1/row__0/col__1,  Process: line__70.
# KERNEL: WARNING: There is an 'U'|'X'|'W'|'Z'|'-' in an arithmetic operand, the result will be 'X'(es).
# KERNEL: Time: 0 ps,  Iteration: 0,  Instance: /DUT1/row__0/col__1,  Process: line__70.
# KERNEL: WARNING: There is an 'U'|'X'|'W'|'Z'|'-' in an arithmetic operand, the result will be 'X'(es).
# KERNEL: Time: 0 ps,  Iteration: 0,  Instance: /DUT1/row__0/col__1,  Process: line__82.
# KERNEL: WARNING: There is an 'U'|'X'|'W'|'Z'|'-' in an arithmetic operand, the result will be 'X'(es).
# KERNEL: Time: 0 ps,  Iteration: 0,  Instance: /DUT1/row__1/col__-1,  Process: line__69.
# KERNEL: WARNING: There is an 'U'|'X'|'W'|'Z'|'-' in an arithmetic operand, the result will be 'X'(es).
# KERNEL: Time: 0 ps,  Iteration: 0,  Instance: /DUT1/row__1/col__-1,  Process: line__69.
# KERNEL: WARNING: There is an 'U'|'X'|'W'|'Z'|'-' in an arithmetic operand, the result will be 'X'(es).
# KERNEL: Time: 0 ps,  Iteration: 0,  Instance: /DUT1/row__1/col__-1,  Process: line__70.
# KERNEL: WARNING: There is an 'U'|'X'|'W'|'Z'|'-' in an arithmetic operand, the result will be 'X'(es).
# KERNEL: Time: 0 ps,  Iteration: 0,  Instance: /DUT1/row__1/col__-1,  Process: line__70.
# KERNEL: WARNING: There is an 'U'|'X'|'W'|'Z'|'-' in an arithmetic operand, the result will be 'X'(es).
# KERNEL: Time: 0 ps,  Iteration: 0,  Instance: /DUT1/row__1/col__-1,  Process: line__82.
# KERNEL: WARNING: There is an 'U'|'X'|'W'|'Z'|'-' in an arithmetic operand, the result will be 'X'(es).
# KERNEL: Time: 0 ps,  Iteration: 0,  Instance: /DUT1/row__1/col__0,  Process: line__69.
# KERNEL: WARNING: There is an 'U'|'X'|'W'|'Z'|'-' in an arithmetic operand, the result will be 'X'(es).
# KERNEL: Time: 0 ps,  Iteration: 0,  Instance: /DUT1/row__1/col__0,  Process: line__69.
# KERNEL: WARNING: There is an 'U'|'X'|'W'|'Z'|'-' in an arithmetic operand, the result will be 'X'(es).
# KERNEL: Time: 0 ps,  Iteration: 0,  Instance: /DUT1/row__1/col__0,  Process: line__70.
# KERNEL: WARNING: There is an 'U'|'X'|'W'|'Z'|'-' in an arithmetic operand, the result will be 'X'(es).
# KERNEL: Time: 0 ps,  Iteration: 0,  Instance: /DUT1/row__1/col__0,  Process: line__70.
# KERNEL: WARNING: There is an 'U'|'X'|'W'|'Z'|'-' in an arithmetic operand, the result will be 'X'(es).
# KERNEL: Time: 0 ps,  Iteration: 0,  Instance: /DUT1/row__1/col__0,  Process: line__82.
# KERNEL: WARNING: There is an 'U'|'X'|'W'|'Z'|'-' in an arithmetic operand, the result will be 'X'(es).
# KERNEL: Time: 0 ps,  Iteration: 0,  Instance: /DUT1/row__1/col__1,  Process: line__69.
# KERNEL: WARNING: There is an 'U'|'X'|'W'|'Z'|'-' in an arithmetic operand, the result will be 'X'(es).
# KERNEL: Time: 0 ps,  Iteration: 0,  Instance: /DUT1/row__1/col__1,  Process: line__69.
# KERNEL: WARNING: There is an 'U'|'X'|'W'|'Z'|'-' in an arithmetic operand, the result will be 'X'(es).
# KERNEL: Time: 0 ps,  Iteration: 0,  Instance: /DUT1/row__1/col__1,  Process: line__70.
# KERNEL: WARNING: There is an 'U'|'X'|'W'|'Z'|'-' in an arithmetic operand, the result will be 'X'(es).
# KERNEL: Time: 0 ps,  Iteration: 0,  Instance: /DUT1/row__1/col__1,  Process: line__70.
# KERNEL: WARNING: There is an 'U'|'X'|'W'|'Z'|'-' in an arithmetic operand, the result will be 'X'(es).
# KERNEL: Time: 0 ps,  Iteration: 0,  Instance: /DUT1/row__1/col__1,  Process: line__82.
# KERNEL: stopped at time: 100 ns
acom -O3 -work LK_OpticaFlow -2002  $dsn/src/NeighborhoodAddressGenerator_A.vhd
# Compile...
# Warning: DAGGEN_0523: The source is compiled without the -dbg switch. Line breakpoints, code coverage, and assertion debug will not be available.
# File: C:\My_Designs\LK\LK_OpticaFlow\src\NeighborhoodAddressGenerator_A.vhd
# Compile Entity "NeighborhoodAddressGenerator_A"
# Compile Architecture "behavioral" of Entity "NeighborhoodAddressGenerator_A"
# Error: COMP96_0015: NeighborhoodAddressGenerator_A.vhd : (70, 258): ')' expected.
# Compile failure 1 Errors 0 Warnings  Analysis time :  47.0 [ms]
acom -O3 -work LK_OpticaFlow -2002  $dsn/src/NeighborhoodAddressGenerator_A.vhd
# Compile...
# Warning: DAGGEN_0523: The source is compiled without the -dbg switch. Line breakpoints, code coverage, and assertion debug will not be available.
# File: C:\My_Designs\LK\LK_OpticaFlow\src\NeighborhoodAddressGenerator_A.vhd
# Compile Entity "NeighborhoodAddressGenerator_A"
# Compile Architecture "behavioral" of Entity "NeighborhoodAddressGenerator_A"
# Error: COMP96_0263: NeighborhoodAddressGenerator_A.vhd : (70, 199): Type names are not allowed as primaries.
# Error: COMP96_0138: NeighborhoodAddressGenerator_A.vhd : (70, 216): The index types in the reference to the array object are incompatible with its range type.
# Error: COMP96_0090: NeighborhoodAddressGenerator_A.vhd : (70, 199): Expected array type.
# Error: COMP96_0077: NeighborhoodAddressGenerator_A.vhd : (70, 118): Undefined type of expression. Expected type 'BOOLEAN'.
# Compile failure 4 Errors 0 Warnings  Analysis time :  32.0 [ms]
acom -O3 -work LK_OpticaFlow -2002  $dsn/src/NeighborhoodAddressGenerator_A.vhd
# Compile...
# Warning: DAGGEN_0523: The source is compiled without the -dbg switch. Line breakpoints, code coverage, and assertion debug will not be available.
# File: C:\My_Designs\LK\LK_OpticaFlow\src\NeighborhoodAddressGenerator_A.vhd
# Compile Entity "NeighborhoodAddressGenerator_A"
# Compile Architecture "behavioral" of Entity "NeighborhoodAddressGenerator_A"
# Error: COMP96_0263: NeighborhoodAddressGenerator_A.vhd : (70, 200): Type names are not allowed as primaries.
# Error: COMP96_0138: NeighborhoodAddressGenerator_A.vhd : (70, 217): The index types in the reference to the array object are incompatible with its range type.
# Error: COMP96_0090: NeighborhoodAddressGenerator_A.vhd : (70, 200): Expected array type.
# Error: COMP96_0077: NeighborhoodAddressGenerator_A.vhd : (70, 118): Undefined type of expression. Expected type 'BOOLEAN'.
# Compile failure 4 Errors 0 Warnings  Analysis time :  47.0 [ms]
acom -O3 -work LK_OpticaFlow -2002  $dsn/src/NeighborhoodAddressGenerator_A.vhd
# Compile...
# Warning: DAGGEN_0523: The source is compiled without the -dbg switch. Line breakpoints, code coverage, and assertion debug will not be available.
# File: C:\My_Designs\LK\LK_OpticaFlow\src\NeighborhoodAddressGenerator_A.vhd
# Compile Entity "NeighborhoodAddressGenerator_A"
# Compile Architecture "behavioral" of Entity "NeighborhoodAddressGenerator_A"
# Compile success 0 Errors 0 Warnings  Analysis time :  0.3 [s]
restart
# ELBREAD: Elaboration process.
# ELBREAD: Elaboration time 0.0 [s].
# KERNEL: Main thread initiated.
# KERNEL: Kernel process initialization phase.
# KERNEL: Time resolution set to 1ps.
# ELAB2: Elaboration final pass...
# ELAB2: Create instances ...
# ELAB2: Create instances complete.
# SLP: Started
# SLP: Elaboration phase ...
# SLP: Elaboration phase ... skipped, nothing to simulate in SLP mode : 0.0 [s]
# SLP: Finished : 0.0 [s]
# ELAB2: Elaboration final pass complete - time: 0.1 [s].
# KERNEL: Kernel process initialization done.
# Allocation: Simulator allocated 6525 kB (elbread=1026 elab2=5148 kernel=349 sdf=0)
# KERNEL: ASDB file was created in location C:\My_Designs\LK\LK_OpticaFlow\src\wave.asdb
#  6:41 PM, Tuesday, December 31, 2019
#  Simulation has been initialized
#  Selected Top-Level: neighborhoodaddressgenerator_a_tb (behavioral)
run @100ns
# KERNEL: WARNING: There is an 'U'|'X'|'W'|'Z'|'-' in an arithmetic operand, the result will be 'X'(es).
# KERNEL: Time: 0 ps,  Iteration: 0,  Instance: /DUT1/row__-1/col__-1,  Process: line__93.
# KERNEL: WARNING: There is an 'U'|'X'|'W'|'Z'|'-' in an arithmetic operand, the result will be 'X'(es).
# KERNEL: Time: 0 ps,  Iteration: 0,  Instance: /DUT1/row__-1/col__-1/check_left_boundary,  Process: line__73.
# KERNEL: WARNING: There is an 'U'|'X'|'W'|'Z'|'-' in an arithmetic operand, the result will be 'X'(es).
# KERNEL: Time: 0 ps,  Iteration: 0,  Instance: /DUT1/row__-1/col__-1/check_left_boundary,  Process: line__73.
# KERNEL: WARNING: There is an 'U'|'X'|'W'|'Z'|'-' in an arithmetic operand, the result will be 'X'(es).
# KERNEL: Time: 0 ps,  Iteration: 0,  Instance: /DUT1/row__-1/col__-1/check_bottom_boundary,  Process: line__79.
# KERNEL: WARNING: There is an 'U'|'X'|'W'|'Z'|'-' in an arithmetic operand, the result will be 'X'(es).
# KERNEL: Time: 0 ps,  Iteration: 0,  Instance: /DUT1/row__-1/col__-1/check_bottom_boundary,  Process: line__79.
# KERNEL: WARNING: There is an 'U'|'X'|'W'|'Z'|'-' in an arithmetic operand, the result will be 'X'(es).
# KERNEL: Time: 0 ps,  Iteration: 0,  Instance: /DUT1/row__-1/col__0,  Process: line__93.
# KERNEL: WARNING: There is an 'U'|'X'|'W'|'Z'|'-' in an arithmetic operand, the result will be 'X'(es).
# KERNEL: Time: 0 ps,  Iteration: 0,  Instance: /DUT1/row__-1/col__0/check_bottom_boundary,  Process: line__79.
# KERNEL: WARNING: There is an 'U'|'X'|'W'|'Z'|'-' in an arithmetic operand, the result will be 'X'(es).
# KERNEL: Time: 0 ps,  Iteration: 0,  Instance: /DUT1/row__-1/col__0/check_bottom_boundary,  Process: line__79.
# KERNEL: WARNING: There is an 'U'|'X'|'W'|'Z'|'-' in an arithmetic operand, the result will be 'X'(es).
# KERNEL: Time: 0 ps,  Iteration: 0,  Instance: /DUT1/row__-1/col__1,  Process: line__93.
# KERNEL: WARNING: There is an 'U'|'X'|'W'|'Z'|'-' in an arithmetic operand, the result will be 'X'(es).
# KERNEL: Time: 0 ps,  Iteration: 0,  Instance: /DUT1/row__-1/col__1/check_right_boundary,  Process: line__70.
# KERNEL: WARNING: There is an 'U'|'X'|'W'|'Z'|'-' in an arithmetic operand, the result will be 'X'(es).
# KERNEL: Time: 0 ps,  Iteration: 0,  Instance: /DUT1/row__-1/col__1/check_right_boundary,  Process: line__70.
# KERNEL: WARNING: There is an 'U'|'X'|'W'|'Z'|'-' in an arithmetic operand, the result will be 'X'(es).
# KERNEL: Time: 0 ps,  Iteration: 0,  Instance: /DUT1/row__-1/col__1/check_bottom_boundary,  Process: line__79.
# KERNEL: WARNING: There is an 'U'|'X'|'W'|'Z'|'-' in an arithmetic operand, the result will be 'X'(es).
# KERNEL: Time: 0 ps,  Iteration: 0,  Instance: /DUT1/row__-1/col__1/check_bottom_boundary,  Process: line__79.
# KERNEL: WARNING: There is an 'U'|'X'|'W'|'Z'|'-' in an arithmetic operand, the result will be 'X'(es).
# KERNEL: Time: 0 ps,  Iteration: 0,  Instance: /DUT1/row__0/col__-1,  Process: line__93.
# KERNEL: WARNING: There is an 'U'|'X'|'W'|'Z'|'-' in an arithmetic operand, the result will be 'X'(es).
# KERNEL: Time: 0 ps,  Iteration: 0,  Instance: /DUT1/row__0/col__-1/check_left_boundary,  Process: line__73.
# KERNEL: WARNING: There is an 'U'|'X'|'W'|'Z'|'-' in an arithmetic operand, the result will be 'X'(es).
# KERNEL: Time: 0 ps,  Iteration: 0,  Instance: /DUT1/row__0/col__-1/check_left_boundary,  Process: line__73.
# KERNEL: WARNING: There is an 'U'|'X'|'W'|'Z'|'-' in an arithmetic operand, the result will be 'X'(es).
# KERNEL: Time: 0 ps,  Iteration: 0,  Instance: /DUT1/row__0/col__0,  Process: line__93.
# KERNEL: WARNING: There is an 'U'|'X'|'W'|'Z'|'-' in an arithmetic operand, the result will be 'X'(es).
# KERNEL: Time: 0 ps,  Iteration: 0,  Instance: /DUT1/row__0/col__1,  Process: line__93.
# KERNEL: WARNING: There is an 'U'|'X'|'W'|'Z'|'-' in an arithmetic operand, the result will be 'X'(es).
# KERNEL: Time: 0 ps,  Iteration: 0,  Instance: /DUT1/row__0/col__1/check_right_boundary,  Process: line__70.
# KERNEL: WARNING: There is an 'U'|'X'|'W'|'Z'|'-' in an arithmetic operand, the result will be 'X'(es).
# KERNEL: Time: 0 ps,  Iteration: 0,  Instance: /DUT1/row__0/col__1/check_right_boundary,  Process: line__70.
# KERNEL: WARNING: There is an 'U'|'X'|'W'|'Z'|'-' in an arithmetic operand, the result will be 'X'(es).
# KERNEL: Time: 0 ps,  Iteration: 0,  Instance: /DUT1/row__1/col__-1,  Process: line__93.
# KERNEL: WARNING: There is an 'U'|'X'|'W'|'Z'|'-' in an arithmetic operand, the result will be 'X'(es).
# KERNEL: Time: 0 ps,  Iteration: 0,  Instance: /DUT1/row__1/col__-1/check_left_boundary,  Process: line__73.
# KERNEL: WARNING: There is an 'U'|'X'|'W'|'Z'|'-' in an arithmetic operand, the result will be 'X'(es).
# KERNEL: Time: 0 ps,  Iteration: 0,  Instance: /DUT1/row__1/col__-1/check_left_boundary,  Process: line__73.
# KERNEL: WARNING: There is an 'U'|'X'|'W'|'Z'|'-' in an arithmetic operand, the result will be 'X'(es).
# KERNEL: Time: 0 ps,  Iteration: 0,  Instance: /DUT1/row__1/col__-1/check_top_boundary,  Process: line__76.
# KERNEL: WARNING: There is an 'U'|'X'|'W'|'Z'|'-' in an arithmetic operand, the result will be 'X'(es).
# KERNEL: Time: 0 ps,  Iteration: 0,  Instance: /DUT1/row__1/col__-1/check_top_boundary,  Process: line__76.
# KERNEL: WARNING: There is an 'U'|'X'|'W'|'Z'|'-' in an arithmetic operand, the result will be 'X'(es).
# KERNEL: Time: 0 ps,  Iteration: 0,  Instance: /DUT1/row__1/col__0,  Process: line__93.
# KERNEL: WARNING: There is an 'U'|'X'|'W'|'Z'|'-' in an arithmetic operand, the result will be 'X'(es).
# KERNEL: Time: 0 ps,  Iteration: 0,  Instance: /DUT1/row__1/col__0/check_top_boundary,  Process: line__76.
# KERNEL: WARNING: There is an 'U'|'X'|'W'|'Z'|'-' in an arithmetic operand, the result will be 'X'(es).
# KERNEL: Time: 0 ps,  Iteration: 0,  Instance: /DUT1/row__1/col__0/check_top_boundary,  Process: line__76.
# KERNEL: WARNING: There is an 'U'|'X'|'W'|'Z'|'-' in an arithmetic operand, the result will be 'X'(es).
# KERNEL: Time: 0 ps,  Iteration: 0,  Instance: /DUT1/row__1/col__1,  Process: line__93.
# KERNEL: WARNING: There is an 'U'|'X'|'W'|'Z'|'-' in an arithmetic operand, the result will be 'X'(es).
# KERNEL: Time: 0 ps,  Iteration: 0,  Instance: /DUT1/row__1/col__1/check_right_boundary,  Process: line__70.
# KERNEL: WARNING: There is an 'U'|'X'|'W'|'Z'|'-' in an arithmetic operand, the result will be 'X'(es).
# KERNEL: Time: 0 ps,  Iteration: 0,  Instance: /DUT1/row__1/col__1/check_right_boundary,  Process: line__70.
# KERNEL: WARNING: There is an 'U'|'X'|'W'|'Z'|'-' in an arithmetic operand, the result will be 'X'(es).
# KERNEL: Time: 0 ps,  Iteration: 0,  Instance: /DUT1/row__1/col__1/check_top_boundary,  Process: line__76.
# KERNEL: WARNING: There is an 'U'|'X'|'W'|'Z'|'-' in an arithmetic operand, the result will be 'X'(es).
# KERNEL: Time: 0 ps,  Iteration: 0,  Instance: /DUT1/row__1/col__1/check_top_boundary,  Process: line__76.
# KERNEL: stopped at time: 100 ns
# Warning: Cannot set breakpoint. No executable statement found or debugging data is unavailable. Compile source files with the -dbg argument of the acom/alog command or check the Enable Debug option in the Compilation | VHDL/Verilog category of the Design Settings dialog box.
# Warning: Cannot set breakpoint. No executable statement found or debugging data is unavailable. Compile source files with the -dbg argument of the acom/alog command or check the Enable Debug option in the Compilation | VHDL/Verilog category of the Design Settings dialog box.
acom -O3 -work LK_OpticaFlow -2002  $dsn/src/NeighborhoodAddressGenerator_A.vhd
# Compile...
# Warning: DAGGEN_0523: The source is compiled without the -dbg switch. Line breakpoints, code coverage, and assertion debug will not be available.
# File: C:\My_Designs\LK\LK_OpticaFlow\src\NeighborhoodAddressGenerator_A.vhd
# Compile Entity "NeighborhoodAddressGenerator_A"
# Compile Architecture "behavioral" of Entity "NeighborhoodAddressGenerator_A"
# Compile success 0 Errors 0 Warnings  Analysis time :  0.1 [s]
restart
# ELBREAD: Elaboration process.
# ELBREAD: Elaboration time 0.0 [s].
# KERNEL: Main thread initiated.
# KERNEL: Kernel process initialization phase.
# KERNEL: Time resolution set to 1ps.
# ELAB2: Elaboration final pass...
# ELAB2: Create instances ...
# ELAB2: Create instances complete.
# SLP: Started
# SLP: Elaboration phase ...
# SLP: Elaboration phase ... skipped, nothing to simulate in SLP mode : 0.0 [s]
# SLP: Finished : 0.0 [s]
# ELAB2: Elaboration final pass complete - time: 0.1 [s].
# KERNEL: Kernel process initialization done.
# Allocation: Simulator allocated 6525 kB (elbread=1026 elab2=5149 kernel=349 sdf=0)
# KERNEL: ASDB file was created in location C:\My_Designs\LK\LK_OpticaFlow\src\wave.asdb
#  6:42 PM, Tuesday, December 31, 2019
#  Simulation has been initialized
#  Selected Top-Level: neighborhoodaddressgenerator_a_tb (behavioral)
run @100ns
# KERNEL: WARNING: There is an 'U'|'X'|'W'|'Z'|'-' in an arithmetic operand, the result will be 'X'(es).
# KERNEL: Time: 0 ps,  Iteration: 0,  Instance: /DUT1/row__-1/col__-1,  Process: line__93.
# KERNEL: WARNING: There is an 'U'|'X'|'W'|'Z'|'-' in an arithmetic operand, the result will be 'X'(es).
# KERNEL: Time: 0 ps,  Iteration: 0,  Instance: /DUT1/row__-1/col__-1/check_left_boundary,  Process: line__73.
# KERNEL: WARNING: There is an 'U'|'X'|'W'|'Z'|'-' in an arithmetic operand, the result will be 'X'(es).
# KERNEL: Time: 0 ps,  Iteration: 0,  Instance: /DUT1/row__-1/col__-1/check_left_boundary,  Process: line__73.
# KERNEL: WARNING: There is an 'U'|'X'|'W'|'Z'|'-' in an arithmetic operand, the result will be 'X'(es).
# KERNEL: Time: 0 ps,  Iteration: 0,  Instance: /DUT1/row__-1/col__0,  Process: line__93.
# KERNEL: WARNING: There is an 'U'|'X'|'W'|'Z'|'-' in an arithmetic operand, the result will be 'X'(es).
# KERNEL: Time: 0 ps,  Iteration: 0,  Instance: /DUT1/row__-1/col__0/check_right_boundary,  Process: line__70.
# KERNEL: WARNING: There is an 'U'|'X'|'W'|'Z'|'-' in an arithmetic operand, the result will be 'X'(es).
# KERNEL: Time: 0 ps,  Iteration: 0,  Instance: /DUT1/row__-1/col__0/check_right_boundary,  Process: line__70.
# KERNEL: WARNING: There is an 'U'|'X'|'W'|'Z'|'-' in an arithmetic operand, the result will be 'X'(es).
# KERNEL: Time: 0 ps,  Iteration: 0,  Instance: /DUT1/row__-1/col__1,  Process: line__93.
# KERNEL: WARNING: There is an 'U'|'X'|'W'|'Z'|'-' in an arithmetic operand, the result will be 'X'(es).
# KERNEL: Time: 0 ps,  Iteration: 0,  Instance: /DUT1/row__-1/col__1/check_right_boundary,  Process: line__70.
# KERNEL: WARNING: There is an 'U'|'X'|'W'|'Z'|'-' in an arithmetic operand, the result will be 'X'(es).
# KERNEL: Time: 0 ps,  Iteration: 0,  Instance: /DUT1/row__-1/col__1/check_right_boundary,  Process: line__70.
# KERNEL: WARNING: There is an 'U'|'X'|'W'|'Z'|'-' in an arithmetic operand, the result will be 'X'(es).
# KERNEL: Time: 0 ps,  Iteration: 0,  Instance: /DUT1/row__0/col__-1,  Process: line__93.
# KERNEL: WARNING: There is an 'U'|'X'|'W'|'Z'|'-' in an arithmetic operand, the result will be 'X'(es).
# KERNEL: Time: 0 ps,  Iteration: 0,  Instance: /DUT1/row__0/col__-1/check_left_boundary,  Process: line__73.
# KERNEL: WARNING: There is an 'U'|'X'|'W'|'Z'|'-' in an arithmetic operand, the result will be 'X'(es).
# KERNEL: Time: 0 ps,  Iteration: 0,  Instance: /DUT1/row__0/col__-1/check_left_boundary,  Process: line__73.
# KERNEL: WARNING: There is an 'U'|'X'|'W'|'Z'|'-' in an arithmetic operand, the result will be 'X'(es).
# KERNEL: Time: 0 ps,  Iteration: 0,  Instance: /DUT1/row__0/col__-1/check_top_boundary,  Process: line__76.
# KERNEL: WARNING: There is an 'U'|'X'|'W'|'Z'|'-' in an arithmetic operand, the result will be 'X'(es).
# KERNEL: Time: 0 ps,  Iteration: 0,  Instance: /DUT1/row__0/col__-1/check_top_boundary,  Process: line__76.
# KERNEL: WARNING: There is an 'U'|'X'|'W'|'Z'|'-' in an arithmetic operand, the result will be 'X'(es).
# KERNEL: Time: 0 ps,  Iteration: 0,  Instance: /DUT1/row__0/col__-1/check_bottom_boundary,  Process: line__79.
# KERNEL: WARNING: There is an 'U'|'X'|'W'|'Z'|'-' in an arithmetic operand, the result will be 'X'(es).
# KERNEL: Time: 0 ps,  Iteration: 0,  Instance: /DUT1/row__0/col__-1/check_bottom_boundary,  Process: line__79.
# KERNEL: WARNING: There is an 'U'|'X'|'W'|'Z'|'-' in an arithmetic operand, the result will be 'X'(es).
# KERNEL: Time: 0 ps,  Iteration: 0,  Instance: /DUT1/row__0/col__0,  Process: line__93.
# KERNEL: WARNING: There is an 'U'|'X'|'W'|'Z'|'-' in an arithmetic operand, the result will be 'X'(es).
# KERNEL: Time: 0 ps,  Iteration: 0,  Instance: /DUT1/row__0/col__0/check_right_boundary,  Process: line__70.
# KERNEL: WARNING: There is an 'U'|'X'|'W'|'Z'|'-' in an arithmetic operand, the result will be 'X'(es).
# KERNEL: Time: 0 ps,  Iteration: 0,  Instance: /DUT1/row__0/col__0/check_right_boundary,  Process: line__70.
# KERNEL: WARNING: There is an 'U'|'X'|'W'|'Z'|'-' in an arithmetic operand, the result will be 'X'(es).
# KERNEL: Time: 0 ps,  Iteration: 0,  Instance: /DUT1/row__0/col__0/check_top_boundary,  Process: line__76.
# KERNEL: WARNING: There is an 'U'|'X'|'W'|'Z'|'-' in an arithmetic operand, the result will be 'X'(es).
# KERNEL: Time: 0 ps,  Iteration: 0,  Instance: /DUT1/row__0/col__0/check_top_boundary,  Process: line__76.
# KERNEL: WARNING: There is an 'U'|'X'|'W'|'Z'|'-' in an arithmetic operand, the result will be 'X'(es).
# KERNEL: Time: 0 ps,  Iteration: 0,  Instance: /DUT1/row__0/col__0/check_bottom_boundary,  Process: line__79.
# KERNEL: WARNING: There is an 'U'|'X'|'W'|'Z'|'-' in an arithmetic operand, the result will be 'X'(es).
# KERNEL: Time: 0 ps,  Iteration: 0,  Instance: /DUT1/row__0/col__0/check_bottom_boundary,  Process: line__79.
# KERNEL: WARNING: There is an 'U'|'X'|'W'|'Z'|'-' in an arithmetic operand, the result will be 'X'(es).
# KERNEL: Time: 0 ps,  Iteration: 0,  Instance: /DUT1/row__0/col__1,  Process: line__93.
# KERNEL: WARNING: There is an 'U'|'X'|'W'|'Z'|'-' in an arithmetic operand, the result will be 'X'(es).
# KERNEL: Time: 0 ps,  Iteration: 0,  Instance: /DUT1/row__0/col__1/check_right_boundary,  Process: line__70.
# KERNEL: WARNING: There is an 'U'|'X'|'W'|'Z'|'-' in an arithmetic operand, the result will be 'X'(es).
# KERNEL: Time: 0 ps,  Iteration: 0,  Instance: /DUT1/row__0/col__1/check_right_boundary,  Process: line__70.
# KERNEL: WARNING: There is an 'U'|'X'|'W'|'Z'|'-' in an arithmetic operand, the result will be 'X'(es).
# KERNEL: Time: 0 ps,  Iteration: 0,  Instance: /DUT1/row__0/col__1/check_top_boundary,  Process: line__76.
# KERNEL: WARNING: There is an 'U'|'X'|'W'|'Z'|'-' in an arithmetic operand, the result will be 'X'(es).
# KERNEL: Time: 0 ps,  Iteration: 0,  Instance: /DUT1/row__0/col__1/check_top_boundary,  Process: line__76.
# KERNEL: WARNING: There is an 'U'|'X'|'W'|'Z'|'-' in an arithmetic operand, the result will be 'X'(es).
# KERNEL: Time: 0 ps,  Iteration: 0,  Instance: /DUT1/row__0/col__1/check_bottom_boundary,  Process: line__79.
# KERNEL: WARNING: There is an 'U'|'X'|'W'|'Z'|'-' in an arithmetic operand, the result will be 'X'(es).
# KERNEL: Time: 0 ps,  Iteration: 0,  Instance: /DUT1/row__0/col__1/check_bottom_boundary,  Process: line__79.
# KERNEL: WARNING: There is an 'U'|'X'|'W'|'Z'|'-' in an arithmetic operand, the result will be 'X'(es).
# KERNEL: Time: 0 ps,  Iteration: 0,  Instance: /DUT1/row__1/col__-1,  Process: line__93.
# KERNEL: WARNING: There is an 'U'|'X'|'W'|'Z'|'-' in an arithmetic operand, the result will be 'X'(es).
# KERNEL: Time: 0 ps,  Iteration: 0,  Instance: /DUT1/row__1/col__-1/check_left_boundary,  Process: line__73.
# KERNEL: WARNING: There is an 'U'|'X'|'W'|'Z'|'-' in an arithmetic operand, the result will be 'X'(es).
# KERNEL: Time: 0 ps,  Iteration: 0,  Instance: /DUT1/row__1/col__-1/check_left_boundary,  Process: line__73.
# KERNEL: WARNING: There is an 'U'|'X'|'W'|'Z'|'-' in an arithmetic operand, the result will be 'X'(es).
# KERNEL: Time: 0 ps,  Iteration: 0,  Instance: /DUT1/row__1/col__-1/check_top_boundary,  Process: line__76.
# KERNEL: WARNING: There is an 'U'|'X'|'W'|'Z'|'-' in an arithmetic operand, the result will be 'X'(es).
# KERNEL: Time: 0 ps,  Iteration: 0,  Instance: /DUT1/row__1/col__-1/check_top_boundary,  Process: line__76.
# KERNEL: WARNING: There is an 'U'|'X'|'W'|'Z'|'-' in an arithmetic operand, the result will be 'X'(es).
# KERNEL: Time: 0 ps,  Iteration: 0,  Instance: /DUT1/row__1/col__0,  Process: line__93.
# KERNEL: WARNING: There is an 'U'|'X'|'W'|'Z'|'-' in an arithmetic operand, the result will be 'X'(es).
# KERNEL: Time: 0 ps,  Iteration: 0,  Instance: /DUT1/row__1/col__0/check_right_boundary,  Process: line__70.
# KERNEL: WARNING: There is an 'U'|'X'|'W'|'Z'|'-' in an arithmetic operand, the result will be 'X'(es).
# KERNEL: Time: 0 ps,  Iteration: 0,  Instance: /DUT1/row__1/col__0/check_right_boundary,  Process: line__70.
# KERNEL: WARNING: There is an 'U'|'X'|'W'|'Z'|'-' in an arithmetic operand, the result will be 'X'(es).
# KERNEL: Time: 0 ps,  Iteration: 0,  Instance: /DUT1/row__1/col__0/check_top_boundary,  Process: line__76.
# KERNEL: WARNING: There is an 'U'|'X'|'W'|'Z'|'-' in an arithmetic operand, the result will be 'X'(es).
# KERNEL: Time: 0 ps,  Iteration: 0,  Instance: /DUT1/row__1/col__0/check_top_boundary,  Process: line__76.
# KERNEL: WARNING: There is an 'U'|'X'|'W'|'Z'|'-' in an arithmetic operand, the result will be 'X'(es).
# KERNEL: Time: 0 ps,  Iteration: 0,  Instance: /DUT1/row__1/col__1,  Process: line__93.
# KERNEL: WARNING: There is an 'U'|'X'|'W'|'Z'|'-' in an arithmetic operand, the result will be 'X'(es).
# KERNEL: Time: 0 ps,  Iteration: 0,  Instance: /DUT1/row__1/col__1/check_right_boundary,  Process: line__70.
# KERNEL: WARNING: There is an 'U'|'X'|'W'|'Z'|'-' in an arithmetic operand, the result will be 'X'(es).
# KERNEL: Time: 0 ps,  Iteration: 0,  Instance: /DUT1/row__1/col__1/check_right_boundary,  Process: line__70.
# KERNEL: WARNING: There is an 'U'|'X'|'W'|'Z'|'-' in an arithmetic operand, the result will be 'X'(es).
# KERNEL: Time: 0 ps,  Iteration: 0,  Instance: /DUT1/row__1/col__1/check_top_boundary,  Process: line__76.
# KERNEL: WARNING: There is an 'U'|'X'|'W'|'Z'|'-' in an arithmetic operand, the result will be 'X'(es).
# KERNEL: Time: 0 ps,  Iteration: 0,  Instance: /DUT1/row__1/col__1/check_top_boundary,  Process: line__76.
# KERNEL: stopped at time: 100 ns
acom -O3 -work LK_OpticaFlow -2002  $dsn/src/NeighborhoodAddressGenerator_A.vhd
# Compile...
# Warning: DAGGEN_0523: The source is compiled without the -dbg switch. Line breakpoints, code coverage, and assertion debug will not be available.
# File: C:\My_Designs\LK\LK_OpticaFlow\src\NeighborhoodAddressGenerator_A.vhd
# Compile Entity "NeighborhoodAddressGenerator_A"
# Compile Architecture "behavioral" of Entity "NeighborhoodAddressGenerator_A"
# Compile success 0 Errors 0 Warnings  Analysis time :  0.1 [s]
restart
# ELBREAD: Elaboration process.
# ELBREAD: Elaboration time 0.0 [s].
# KERNEL: Main thread initiated.
# KERNEL: Kernel process initialization phase.
# KERNEL: Time resolution set to 1ps.
# ELAB2: Elaboration final pass...
# ELAB2: Create instances ...
# ELAB2: Create instances complete.
# SLP: Started
# SLP: Elaboration phase ...
# SLP: Elaboration phase ... skipped, nothing to simulate in SLP mode : 0.0 [s]
# SLP: Finished : 0.0 [s]
# ELAB2: Elaboration final pass complete - time: 0.1 [s].
# KERNEL: Kernel process initialization done.
# Allocation: Simulator allocated 6525 kB (elbread=1026 elab2=5149 kernel=349 sdf=0)
# KERNEL: ASDB file was created in location C:\My_Designs\LK\LK_OpticaFlow\src\wave.asdb
#  6:43 PM, Tuesday, December 31, 2019
#  Simulation has been initialized
#  Selected Top-Level: neighborhoodaddressgenerator_a_tb (behavioral)
run @100ns
# KERNEL: WARNING: There is an 'U'|'X'|'W'|'Z'|'-' in an arithmetic operand, the result will be 'X'(es).
# KERNEL: Time: 0 ps,  Iteration: 0,  Instance: /DUT1/row__-1/col__-1,  Process: line__93.
# KERNEL: WARNING: There is an 'U'|'X'|'W'|'Z'|'-' in an arithmetic operand, the result will be 'X'(es).
# KERNEL: Time: 0 ps,  Iteration: 0,  Instance: /DUT1/row__-1/col__-1/check_left_boundary,  Process: line__73.
# KERNEL: WARNING: There is an 'U'|'X'|'W'|'Z'|'-' in an arithmetic operand, the result will be 'X'(es).
# KERNEL: Time: 0 ps,  Iteration: 0,  Instance: /DUT1/row__-1/col__-1/check_left_boundary,  Process: line__73.
# KERNEL: WARNING: There is an 'U'|'X'|'W'|'Z'|'-' in an arithmetic operand, the result will be 'X'(es).
# KERNEL: Time: 0 ps,  Iteration: 0,  Instance: /DUT1/row__-1/col__-1/check_bottom_boundary,  Process: line__79.
# KERNEL: WARNING: There is an 'U'|'X'|'W'|'Z'|'-' in an arithmetic operand, the result will be 'X'(es).
# KERNEL: Time: 0 ps,  Iteration: 0,  Instance: /DUT1/row__-1/col__-1/check_bottom_boundary,  Process: line__79.
# KERNEL: WARNING: There is an 'U'|'X'|'W'|'Z'|'-' in an arithmetic operand, the result will be 'X'(es).
# KERNEL: Time: 0 ps,  Iteration: 0,  Instance: /DUT1/row__-1/col__0,  Process: line__93.
# KERNEL: WARNING: There is an 'U'|'X'|'W'|'Z'|'-' in an arithmetic operand, the result will be 'X'(es).
# KERNEL: Time: 0 ps,  Iteration: 0,  Instance: /DUT1/row__-1/col__0/check_right_boundary,  Process: line__70.
# KERNEL: WARNING: There is an 'U'|'X'|'W'|'Z'|'-' in an arithmetic operand, the result will be 'X'(es).
# KERNEL: Time: 0 ps,  Iteration: 0,  Instance: /DUT1/row__-1/col__0/check_right_boundary,  Process: line__70.
# KERNEL: WARNING: There is an 'U'|'X'|'W'|'Z'|'-' in an arithmetic operand, the result will be 'X'(es).
# KERNEL: Time: 0 ps,  Iteration: 0,  Instance: /DUT1/row__-1/col__0/check_bottom_boundary,  Process: line__79.
# KERNEL: WARNING: There is an 'U'|'X'|'W'|'Z'|'-' in an arithmetic operand, the result will be 'X'(es).
# KERNEL: Time: 0 ps,  Iteration: 0,  Instance: /DUT1/row__-1/col__0/check_bottom_boundary,  Process: line__79.
# KERNEL: WARNING: There is an 'U'|'X'|'W'|'Z'|'-' in an arithmetic operand, the result will be 'X'(es).
# KERNEL: Time: 0 ps,  Iteration: 0,  Instance: /DUT1/row__-1/col__1,  Process: line__93.
# KERNEL: WARNING: There is an 'U'|'X'|'W'|'Z'|'-' in an arithmetic operand, the result will be 'X'(es).
# KERNEL: Time: 0 ps,  Iteration: 0,  Instance: /DUT1/row__-1/col__1/check_right_boundary,  Process: line__70.
# KERNEL: WARNING: There is an 'U'|'X'|'W'|'Z'|'-' in an arithmetic operand, the result will be 'X'(es).
# KERNEL: Time: 0 ps,  Iteration: 0,  Instance: /DUT1/row__-1/col__1/check_right_boundary,  Process: line__70.
# KERNEL: WARNING: There is an 'U'|'X'|'W'|'Z'|'-' in an arithmetic operand, the result will be 'X'(es).
# KERNEL: Time: 0 ps,  Iteration: 0,  Instance: /DUT1/row__-1/col__1/check_bottom_boundary,  Process: line__79.
# KERNEL: WARNING: There is an 'U'|'X'|'W'|'Z'|'-' in an arithmetic operand, the result will be 'X'(es).
# KERNEL: Time: 0 ps,  Iteration: 0,  Instance: /DUT1/row__-1/col__1/check_bottom_boundary,  Process: line__79.
# KERNEL: WARNING: There is an 'U'|'X'|'W'|'Z'|'-' in an arithmetic operand, the result will be 'X'(es).
# KERNEL: Time: 0 ps,  Iteration: 0,  Instance: /DUT1/row__0/col__-1,  Process: line__93.
# KERNEL: WARNING: There is an 'U'|'X'|'W'|'Z'|'-' in an arithmetic operand, the result will be 'X'(es).
# KERNEL: Time: 0 ps,  Iteration: 0,  Instance: /DUT1/row__0/col__-1/check_left_boundary,  Process: line__73.
# KERNEL: WARNING: There is an 'U'|'X'|'W'|'Z'|'-' in an arithmetic operand, the result will be 'X'(es).
# KERNEL: Time: 0 ps,  Iteration: 0,  Instance: /DUT1/row__0/col__-1/check_left_boundary,  Process: line__73.
# KERNEL: WARNING: There is an 'U'|'X'|'W'|'Z'|'-' in an arithmetic operand, the result will be 'X'(es).
# KERNEL: Time: 0 ps,  Iteration: 0,  Instance: /DUT1/row__0/col__-1/check_top_boundary,  Process: line__76.
# KERNEL: WARNING: There is an 'U'|'X'|'W'|'Z'|'-' in an arithmetic operand, the result will be 'X'(es).
# KERNEL: Time: 0 ps,  Iteration: 0,  Instance: /DUT1/row__0/col__-1/check_top_boundary,  Process: line__76.
# KERNEL: WARNING: There is an 'U'|'X'|'W'|'Z'|'-' in an arithmetic operand, the result will be 'X'(es).
# KERNEL: Time: 0 ps,  Iteration: 0,  Instance: /DUT1/row__0/col__0,  Process: line__93.
# KERNEL: WARNING: There is an 'U'|'X'|'W'|'Z'|'-' in an arithmetic operand, the result will be 'X'(es).
# KERNEL: Time: 0 ps,  Iteration: 0,  Instance: /DUT1/row__0/col__0/check_right_boundary,  Process: line__70.
# KERNEL: WARNING: There is an 'U'|'X'|'W'|'Z'|'-' in an arithmetic operand, the result will be 'X'(es).
# KERNEL: Time: 0 ps,  Iteration: 0,  Instance: /DUT1/row__0/col__0/check_right_boundary,  Process: line__70.
# KERNEL: WARNING: There is an 'U'|'X'|'W'|'Z'|'-' in an arithmetic operand, the result will be 'X'(es).
# KERNEL: Time: 0 ps,  Iteration: 0,  Instance: /DUT1/row__0/col__0/check_top_boundary,  Process: line__76.
# KERNEL: WARNING: There is an 'U'|'X'|'W'|'Z'|'-' in an arithmetic operand, the result will be 'X'(es).
# KERNEL: Time: 0 ps,  Iteration: 0,  Instance: /DUT1/row__0/col__0/check_top_boundary,  Process: line__76.
# KERNEL: WARNING: There is an 'U'|'X'|'W'|'Z'|'-' in an arithmetic operand, the result will be 'X'(es).
# KERNEL: Time: 0 ps,  Iteration: 0,  Instance: /DUT1/row__0/col__1,  Process: line__93.
# KERNEL: WARNING: There is an 'U'|'X'|'W'|'Z'|'-' in an arithmetic operand, the result will be 'X'(es).
# KERNEL: Time: 0 ps,  Iteration: 0,  Instance: /DUT1/row__0/col__1/check_right_boundary,  Process: line__70.
# KERNEL: WARNING: There is an 'U'|'X'|'W'|'Z'|'-' in an arithmetic operand, the result will be 'X'(es).
# KERNEL: Time: 0 ps,  Iteration: 0,  Instance: /DUT1/row__0/col__1/check_right_boundary,  Process: line__70.
# KERNEL: WARNING: There is an 'U'|'X'|'W'|'Z'|'-' in an arithmetic operand, the result will be 'X'(es).
# KERNEL: Time: 0 ps,  Iteration: 0,  Instance: /DUT1/row__0/col__1/check_top_boundary,  Process: line__76.
# KERNEL: WARNING: There is an 'U'|'X'|'W'|'Z'|'-' in an arithmetic operand, the result will be 'X'(es).
# KERNEL: Time: 0 ps,  Iteration: 0,  Instance: /DUT1/row__0/col__1/check_top_boundary,  Process: line__76.
# KERNEL: WARNING: There is an 'U'|'X'|'W'|'Z'|'-' in an arithmetic operand, the result will be 'X'(es).
# KERNEL: Time: 0 ps,  Iteration: 0,  Instance: /DUT1/row__1/col__-1,  Process: line__93.
# KERNEL: WARNING: There is an 'U'|'X'|'W'|'Z'|'-' in an arithmetic operand, the result will be 'X'(es).
# KERNEL: Time: 0 ps,  Iteration: 0,  Instance: /DUT1/row__1/col__-1/check_left_boundary,  Process: line__73.
# KERNEL: WARNING: There is an 'U'|'X'|'W'|'Z'|'-' in an arithmetic operand, the result will be 'X'(es).
# KERNEL: Time: 0 ps,  Iteration: 0,  Instance: /DUT1/row__1/col__-1/check_left_boundary,  Process: line__73.
# KERNEL: WARNING: There is an 'U'|'X'|'W'|'Z'|'-' in an arithmetic operand, the result will be 'X'(es).
# KERNEL: Time: 0 ps,  Iteration: 0,  Instance: /DUT1/row__1/col__-1/check_top_boundary,  Process: line__76.
# KERNEL: WARNING: There is an 'U'|'X'|'W'|'Z'|'-' in an arithmetic operand, the result will be 'X'(es).
# KERNEL: Time: 0 ps,  Iteration: 0,  Instance: /DUT1/row__1/col__-1/check_top_boundary,  Process: line__76.
# KERNEL: WARNING: There is an 'U'|'X'|'W'|'Z'|'-' in an arithmetic operand, the result will be 'X'(es).
# KERNEL: Time: 0 ps,  Iteration: 0,  Instance: /DUT1/row__1/col__0,  Process: line__93.
# KERNEL: WARNING: There is an 'U'|'X'|'W'|'Z'|'-' in an arithmetic operand, the result will be 'X'(es).
# KERNEL: Time: 0 ps,  Iteration: 0,  Instance: /DUT1/row__1/col__0/check_right_boundary,  Process: line__70.
# KERNEL: WARNING: There is an 'U'|'X'|'W'|'Z'|'-' in an arithmetic operand, the result will be 'X'(es).
# KERNEL: Time: 0 ps,  Iteration: 0,  Instance: /DUT1/row__1/col__0/check_right_boundary,  Process: line__70.
# KERNEL: WARNING: There is an 'U'|'X'|'W'|'Z'|'-' in an arithmetic operand, the result will be 'X'(es).
# KERNEL: Time: 0 ps,  Iteration: 0,  Instance: /DUT1/row__1/col__0/check_top_boundary,  Process: line__76.
# KERNEL: WARNING: There is an 'U'|'X'|'W'|'Z'|'-' in an arithmetic operand, the result will be 'X'(es).
# KERNEL: Time: 0 ps,  Iteration: 0,  Instance: /DUT1/row__1/col__0/check_top_boundary,  Process: line__76.
# KERNEL: WARNING: There is an 'U'|'X'|'W'|'Z'|'-' in an arithmetic operand, the result will be 'X'(es).
# KERNEL: Time: 0 ps,  Iteration: 0,  Instance: /DUT1/row__1/col__1,  Process: line__93.
# KERNEL: WARNING: There is an 'U'|'X'|'W'|'Z'|'-' in an arithmetic operand, the result will be 'X'(es).
# KERNEL: Time: 0 ps,  Iteration: 0,  Instance: /DUT1/row__1/col__1/check_right_boundary,  Process: line__70.
# KERNEL: WARNING: There is an 'U'|'X'|'W'|'Z'|'-' in an arithmetic operand, the result will be 'X'(es).
# KERNEL: Time: 0 ps,  Iteration: 0,  Instance: /DUT1/row__1/col__1/check_right_boundary,  Process: line__70.
# KERNEL: WARNING: There is an 'U'|'X'|'W'|'Z'|'-' in an arithmetic operand, the result will be 'X'(es).
# KERNEL: Time: 0 ps,  Iteration: 0,  Instance: /DUT1/row__1/col__1/check_top_boundary,  Process: line__76.
# KERNEL: WARNING: There is an 'U'|'X'|'W'|'Z'|'-' in an arithmetic operand, the result will be 'X'(es).
# KERNEL: Time: 0 ps,  Iteration: 0,  Instance: /DUT1/row__1/col__1/check_top_boundary,  Process: line__76.
# KERNEL: stopped at time: 100 ns
# Warning: Cannot set breakpoint. No executable statement found or debugging data is unavailable. Compile source files with the -dbg argument of the acom/alog command or check the Enable Debug option in the Compilation | VHDL/Verilog category of the Design Settings dialog box.
acom -O3 -work LK_OpticaFlow -2002  $dsn/src/NeighborhoodAddressGenerator_A.vhd
# Compile...
# Warning: DAGGEN_0523: The source is compiled without the -dbg switch. Line breakpoints, code coverage, and assertion debug will not be available.
# File: C:\My_Designs\LK\LK_OpticaFlow\src\NeighborhoodAddressGenerator_A.vhd
# Compile Entity "NeighborhoodAddressGenerator_A"
# Compile Architecture "behavioral" of Entity "NeighborhoodAddressGenerator_A"
# Error: COMP96_0019: NeighborhoodAddressGenerator_A.vhd : (98, 41): Keyword '<=' expected.
# Error: COMP96_0019: NeighborhoodAddressGenerator_A.vhd : (98, 78): Keyword 'when' expected.
# Error: COMP96_0015: NeighborhoodAddressGenerator_A.vhd : (98, 78): ';' expected.
# Error: COMP96_0019: NeighborhoodAddressGenerator_A.vhd : (98, 78): Keyword 'end' expected.
# Error: COMP96_0015: NeighborhoodAddressGenerator_A.vhd : (100, 7): ';' expected.
# Error: COMP96_0016: NeighborhoodAddressGenerator_A.vhd : (100, 15): Design unit declaration expected.
# Compile failure 6 Errors 0 Warnings  Analysis time :  47.0 [ms]
acom -O3 -work LK_OpticaFlow -2002  $dsn/src/NeighborhoodAddressGenerator_A.vhd
# Compile...
# Warning: DAGGEN_0523: The source is compiled without the -dbg switch. Line breakpoints, code coverage, and assertion debug will not be available.
# File: C:\My_Designs\LK\LK_OpticaFlow\src\NeighborhoodAddressGenerator_A.vhd
# Compile Entity "NeighborhoodAddressGenerator_A"
# Compile Architecture "behavioral" of Entity "NeighborhoodAddressGenerator_A"
# Compile success 0 Errors 0 Warnings  Analysis time :  0.2 [s]
acom -O3 -work LK_OpticaFlow -2002  $dsn/src/NeighborhoodAddressGenerator_A.vhd
# Compile...
# Warning: DAGGEN_0523: The source is compiled without the -dbg switch. Line breakpoints, code coverage, and assertion debug will not be available.
# File: C:\My_Designs\LK\LK_OpticaFlow\src\NeighborhoodAddressGenerator_A.vhd
# Compile Entity "NeighborhoodAddressGenerator_A"
# Compile Architecture "behavioral" of Entity "NeighborhoodAddressGenerator_A"
# Compile success 0 Errors 0 Warnings  Analysis time :  0.1 [s]
acom -O3 -work LK_OpticaFlow -2002  $dsn/src/NeighborhoodAddressGenerator_A.vhd
# Compile...
# Warning: DAGGEN_0523: The source is compiled without the -dbg switch. Line breakpoints, code coverage, and assertion debug will not be available.
# File: C:\My_Designs\LK\LK_OpticaFlow\src\NeighborhoodAddressGenerator_A.vhd
# Compile Entity "NeighborhoodAddressGenerator_A"
# Compile Architecture "behavioral" of Entity "NeighborhoodAddressGenerator_A"
# Error: COMP96_0266: NeighborhoodAddressGenerator_A.vhd : (85, 136): Null waveform element cannot appear in a concurrent signal assignment statement.
# Compile failure 1 Errors 0 Warnings  Analysis time :  31.0 [ms]
acom -O3 -work LK_OpticaFlow -2002  $dsn/src/NeighborhoodAddressGenerator_A.vhd
# Compile...
# Warning: DAGGEN_0523: The source is compiled without the -dbg switch. Line breakpoints, code coverage, and assertion debug will not be available.
# File: C:\My_Designs\LK\LK_OpticaFlow\src\NeighborhoodAddressGenerator_A.vhd
# Compile Entity "NeighborhoodAddressGenerator_A"
# Compile Architecture "behavioral" of Entity "NeighborhoodAddressGenerator_A"
# Compile success 0 Errors 0 Warnings  Analysis time :  0.2 [s]
restart
# ELBREAD: Elaboration process.
# ELBREAD: Elaboration time 0.0 [s].
# KERNEL: Main thread initiated.
# KERNEL: Kernel process initialization phase.
# KERNEL: Time resolution set to 1ps.
# ELAB2: Elaboration final pass...
# ELAB2: Create instances ...
# ELAB2: Create instances complete.
# SLP: Started
# SLP: Elaboration phase ...
# SLP: Elaboration phase ... skipped, nothing to simulate in SLP mode : 0.0 [s]
# SLP: Finished : 0.0 [s]
# ELAB2: Elaboration final pass complete - time: 0.1 [s].
# KERNEL: Kernel process initialization done.
# Allocation: Simulator allocated 6530 kB (elbread=1026 elab2=5154 kernel=349 sdf=0)
# KERNEL: ASDB file was created in location C:\My_Designs\LK\LK_OpticaFlow\src\wave.asdb
#  7:47 PM, Tuesday, December 31, 2019
#  Simulation has been initialized
#  Selected Top-Level: neighborhoodaddressgenerator_a_tb (behavioral)
run @100ns
# KERNEL: WARNING: There is an 'U'|'X'|'W'|'Z'|'-' in an arithmetic operand, the result will be 'X'(es).
# KERNEL: Time: 0 ps,  Iteration: 0,  Instance: /DUT1/row__-1/col__-1/check_left_boundary,  Process: line__74.
# KERNEL: WARNING: There is an 'U'|'X'|'W'|'Z'|'-' in an arithmetic operand, the result will be 'X'(es).
# KERNEL: Time: 0 ps,  Iteration: 0,  Instance: /DUT1/row__-1/col__-1/check_left_boundary,  Process: line__74.
# KERNEL: WARNING: There is an 'U'|'X'|'W'|'Z'|'-' in an arithmetic operand, the result will be 'X'(es).
# KERNEL: Time: 0 ps,  Iteration: 0,  Instance: /DUT1/row__-1/col__-1/check_left_boundary,  Process: line__75.
# KERNEL: WARNING: There is an 'U'|'X'|'W'|'Z'|'-' in an arithmetic operand, the result will be 'X'(es).
# KERNEL: Time: 0 ps,  Iteration: 0,  Instance: /DUT1/row__-1/col__-1/check_bottom_boundary,  Process: line__82.
# KERNEL: WARNING: There is an 'U'|'X'|'W'|'Z'|'-' in an arithmetic operand, the result will be 'X'(es).
# KERNEL: Time: 0 ps,  Iteration: 0,  Instance: /DUT1/row__-1/col__-1/check_bottom_boundary,  Process: line__82.
# KERNEL: WARNING: There is an 'U'|'X'|'W'|'Z'|'-' in an arithmetic operand, the result will be 'X'(es).
# KERNEL: Time: 0 ps,  Iteration: 0,  Instance: /DUT1/row__-1/col__-1/check_bottom_boundary,  Process: line__83.
# KERNEL: WARNING: There is an 'U'|'X'|'W'|'Z'|'-' in an arithmetic operand, the result will be 'X'(es).
# KERNEL: Time: 0 ps,  Iteration: 0,  Instance: /DUT1/row__-1/col__0/check_right_boundary,  Process: line__70.
# KERNEL: WARNING: There is an 'U'|'X'|'W'|'Z'|'-' in an arithmetic operand, the result will be 'X'(es).
# KERNEL: Time: 0 ps,  Iteration: 0,  Instance: /DUT1/row__-1/col__0/check_right_boundary,  Process: line__70.
# KERNEL: WARNING: There is an 'U'|'X'|'W'|'Z'|'-' in an arithmetic operand, the result will be 'X'(es).
# KERNEL: Time: 0 ps,  Iteration: 0,  Instance: /DUT1/row__-1/col__0/check_right_boundary,  Process: line__71.
# KERNEL: WARNING: There is an 'U'|'X'|'W'|'Z'|'-' in an arithmetic operand, the result will be 'X'(es).
# KERNEL: Time: 0 ps,  Iteration: 0,  Instance: /DUT1/row__-1/col__0/check_bottom_boundary,  Process: line__82.
# KERNEL: WARNING: There is an 'U'|'X'|'W'|'Z'|'-' in an arithmetic operand, the result will be 'X'(es).
# KERNEL: Time: 0 ps,  Iteration: 0,  Instance: /DUT1/row__-1/col__0/check_bottom_boundary,  Process: line__82.
# KERNEL: WARNING: There is an 'U'|'X'|'W'|'Z'|'-' in an arithmetic operand, the result will be 'X'(es).
# KERNEL: Time: 0 ps,  Iteration: 0,  Instance: /DUT1/row__-1/col__0/check_bottom_boundary,  Process: line__83.
# KERNEL: WARNING: There is an 'U'|'X'|'W'|'Z'|'-' in an arithmetic operand, the result will be 'X'(es).
# KERNEL: Time: 0 ps,  Iteration: 0,  Instance: /DUT1/row__-1/col__1/check_right_boundary,  Process: line__70.
# KERNEL: WARNING: There is an 'U'|'X'|'W'|'Z'|'-' in an arithmetic operand, the result will be 'X'(es).
# KERNEL: Time: 0 ps,  Iteration: 0,  Instance: /DUT1/row__-1/col__1/check_right_boundary,  Process: line__70.
# KERNEL: WARNING: There is an 'U'|'X'|'W'|'Z'|'-' in an arithmetic operand, the result will be 'X'(es).
# KERNEL: Time: 0 ps,  Iteration: 0,  Instance: /DUT1/row__-1/col__1/check_right_boundary,  Process: line__71.
# KERNEL: WARNING: There is an 'U'|'X'|'W'|'Z'|'-' in an arithmetic operand, the result will be 'X'(es).
# KERNEL: Time: 0 ps,  Iteration: 0,  Instance: /DUT1/row__-1/col__1/check_bottom_boundary,  Process: line__82.
# KERNEL: WARNING: There is an 'U'|'X'|'W'|'Z'|'-' in an arithmetic operand, the result will be 'X'(es).
# KERNEL: Time: 0 ps,  Iteration: 0,  Instance: /DUT1/row__-1/col__1/check_bottom_boundary,  Process: line__82.
# KERNEL: WARNING: There is an 'U'|'X'|'W'|'Z'|'-' in an arithmetic operand, the result will be 'X'(es).
# KERNEL: Time: 0 ps,  Iteration: 0,  Instance: /DUT1/row__-1/col__1/check_bottom_boundary,  Process: line__83.
# KERNEL: WARNING: There is an 'U'|'X'|'W'|'Z'|'-' in an arithmetic operand, the result will be 'X'(es).
# KERNEL: Time: 0 ps,  Iteration: 0,  Instance: /DUT1/row__0/col__-1/check_left_boundary,  Process: line__74.
# KERNEL: WARNING: There is an 'U'|'X'|'W'|'Z'|'-' in an arithmetic operand, the result will be 'X'(es).
# KERNEL: Time: 0 ps,  Iteration: 0,  Instance: /DUT1/row__0/col__-1/check_left_boundary,  Process: line__74.
# KERNEL: WARNING: There is an 'U'|'X'|'W'|'Z'|'-' in an arithmetic operand, the result will be 'X'(es).
# KERNEL: Time: 0 ps,  Iteration: 0,  Instance: /DUT1/row__0/col__-1/check_left_boundary,  Process: line__75.
# KERNEL: WARNING: There is an 'U'|'X'|'W'|'Z'|'-' in an arithmetic operand, the result will be 'X'(es).
# KERNEL: Time: 0 ps,  Iteration: 0,  Instance: /DUT1/row__0/col__-1/check_top_boundary,  Process: line__78.
# KERNEL: WARNING: There is an 'U'|'X'|'W'|'Z'|'-' in an arithmetic operand, the result will be 'X'(es).
# KERNEL: Time: 0 ps,  Iteration: 0,  Instance: /DUT1/row__0/col__-1/check_top_boundary,  Process: line__78.
# KERNEL: WARNING: There is an 'U'|'X'|'W'|'Z'|'-' in an arithmetic operand, the result will be 'X'(es).
# KERNEL: Time: 0 ps,  Iteration: 0,  Instance: /DUT1/row__0/col__-1/check_top_boundary,  Process: line__79.
# KERNEL: WARNING: There is an 'U'|'X'|'W'|'Z'|'-' in an arithmetic operand, the result will be 'X'(es).
# KERNEL: Time: 0 ps,  Iteration: 0,  Instance: /DUT1/row__0/col__0/check_right_boundary,  Process: line__70.
# KERNEL: WARNING: There is an 'U'|'X'|'W'|'Z'|'-' in an arithmetic operand, the result will be 'X'(es).
# KERNEL: Time: 0 ps,  Iteration: 0,  Instance: /DUT1/row__0/col__0/check_right_boundary,  Process: line__70.
# KERNEL: WARNING: There is an 'U'|'X'|'W'|'Z'|'-' in an arithmetic operand, the result will be 'X'(es).
# KERNEL: Time: 0 ps,  Iteration: 0,  Instance: /DUT1/row__0/col__0/check_right_boundary,  Process: line__71.
# KERNEL: WARNING: There is an 'U'|'X'|'W'|'Z'|'-' in an arithmetic operand, the result will be 'X'(es).
# KERNEL: Time: 0 ps,  Iteration: 0,  Instance: /DUT1/row__0/col__0/check_top_boundary,  Process: line__78.
# KERNEL: WARNING: There is an 'U'|'X'|'W'|'Z'|'-' in an arithmetic operand, the result will be 'X'(es).
# KERNEL: Time: 0 ps,  Iteration: 0,  Instance: /DUT1/row__0/col__0/check_top_boundary,  Process: line__78.
# KERNEL: WARNING: There is an 'U'|'X'|'W'|'Z'|'-' in an arithmetic operand, the result will be 'X'(es).
# KERNEL: Time: 0 ps,  Iteration: 0,  Instance: /DUT1/row__0/col__0/check_top_boundary,  Process: line__79.
# KERNEL: WARNING: There is an 'U'|'X'|'W'|'Z'|'-' in an arithmetic operand, the result will be 'X'(es).
# KERNEL: Time: 0 ps,  Iteration: 0,  Instance: /DUT1/row__0/col__1/check_right_boundary,  Process: line__70.
# KERNEL: WARNING: There is an 'U'|'X'|'W'|'Z'|'-' in an arithmetic operand, the result will be 'X'(es).
# KERNEL: Time: 0 ps,  Iteration: 0,  Instance: /DUT1/row__0/col__1/check_right_boundary,  Process: line__70.
# KERNEL: WARNING: There is an 'U'|'X'|'W'|'Z'|'-' in an arithmetic operand, the result will be 'X'(es).
# KERNEL: Time: 0 ps,  Iteration: 0,  Instance: /DUT1/row__0/col__1/check_right_boundary,  Process: line__71.
# KERNEL: WARNING: There is an 'U'|'X'|'W'|'Z'|'-' in an arithmetic operand, the result will be 'X'(es).
# KERNEL: Time: 0 ps,  Iteration: 0,  Instance: /DUT1/row__0/col__1/check_top_boundary,  Process: line__78.
# KERNEL: WARNING: There is an 'U'|'X'|'W'|'Z'|'-' in an arithmetic operand, the result will be 'X'(es).
# KERNEL: Time: 0 ps,  Iteration: 0,  Instance: /DUT1/row__0/col__1/check_top_boundary,  Process: line__78.
# KERNEL: WARNING: There is an 'U'|'X'|'W'|'Z'|'-' in an arithmetic operand, the result will be 'X'(es).
# KERNEL: Time: 0 ps,  Iteration: 0,  Instance: /DUT1/row__0/col__1/check_top_boundary,  Process: line__79.
# KERNEL: WARNING: There is an 'U'|'X'|'W'|'Z'|'-' in an arithmetic operand, the result will be 'X'(es).
# KERNEL: Time: 0 ps,  Iteration: 0,  Instance: /DUT1/row__1/col__-1/check_left_boundary,  Process: line__74.
# KERNEL: WARNING: There is an 'U'|'X'|'W'|'Z'|'-' in an arithmetic operand, the result will be 'X'(es).
# KERNEL: Time: 0 ps,  Iteration: 0,  Instance: /DUT1/row__1/col__-1/check_left_boundary,  Process: line__74.
# KERNEL: WARNING: There is an 'U'|'X'|'W'|'Z'|'-' in an arithmetic operand, the result will be 'X'(es).
# KERNEL: Time: 0 ps,  Iteration: 0,  Instance: /DUT1/row__1/col__-1/check_left_boundary,  Process: line__75.
# KERNEL: WARNING: There is an 'U'|'X'|'W'|'Z'|'-' in an arithmetic operand, the result will be 'X'(es).
# KERNEL: Time: 0 ps,  Iteration: 0,  Instance: /DUT1/row__1/col__-1/check_top_boundary,  Process: line__78.
# KERNEL: WARNING: There is an 'U'|'X'|'W'|'Z'|'-' in an arithmetic operand, the result will be 'X'(es).
# KERNEL: Time: 0 ps,  Iteration: 0,  Instance: /DUT1/row__1/col__-1/check_top_boundary,  Process: line__78.
# KERNEL: WARNING: There is an 'U'|'X'|'W'|'Z'|'-' in an arithmetic operand, the result will be 'X'(es).
# KERNEL: Time: 0 ps,  Iteration: 0,  Instance: /DUT1/row__1/col__-1/check_top_boundary,  Process: line__79.
# KERNEL: WARNING: There is an 'U'|'X'|'W'|'Z'|'-' in an arithmetic operand, the result will be 'X'(es).
# KERNEL: Time: 0 ps,  Iteration: 0,  Instance: /DUT1/row__1/col__0/check_right_boundary,  Process: line__70.
# KERNEL: WARNING: There is an 'U'|'X'|'W'|'Z'|'-' in an arithmetic operand, the result will be 'X'(es).
# KERNEL: Time: 0 ps,  Iteration: 0,  Instance: /DUT1/row__1/col__0/check_right_boundary,  Process: line__70.
# KERNEL: WARNING: There is an 'U'|'X'|'W'|'Z'|'-' in an arithmetic operand, the result will be 'X'(es).
# KERNEL: Time: 0 ps,  Iteration: 0,  Instance: /DUT1/row__1/col__0/check_right_boundary,  Process: line__71.
# KERNEL: WARNING: There is an 'U'|'X'|'W'|'Z'|'-' in an arithmetic operand, the result will be 'X'(es).
# KERNEL: Time: 0 ps,  Iteration: 0,  Instance: /DUT1/row__1/col__0/check_top_boundary,  Process: line__78.
# KERNEL: WARNING: There is an 'U'|'X'|'W'|'Z'|'-' in an arithmetic operand, the result will be 'X'(es).
# KERNEL: Time: 0 ps,  Iteration: 0,  Instance: /DUT1/row__1/col__0/check_top_boundary,  Process: line__78.
# KERNEL: WARNING: There is an 'U'|'X'|'W'|'Z'|'-' in an arithmetic operand, the result will be 'X'(es).
# KERNEL: Time: 0 ps,  Iteration: 0,  Instance: /DUT1/row__1/col__0/check_top_boundary,  Process: line__79.
# KERNEL: WARNING: There is an 'U'|'X'|'W'|'Z'|'-' in an arithmetic operand, the result will be 'X'(es).
# KERNEL: Time: 0 ps,  Iteration: 0,  Instance: /DUT1/row__1/col__1/check_right_boundary,  Process: line__70.
# KERNEL: WARNING: There is an 'U'|'X'|'W'|'Z'|'-' in an arithmetic operand, the result will be 'X'(es).
# KERNEL: Time: 0 ps,  Iteration: 0,  Instance: /DUT1/row__1/col__1/check_right_boundary,  Process: line__70.
# KERNEL: WARNING: There is an 'U'|'X'|'W'|'Z'|'-' in an arithmetic operand, the result will be 'X'(es).
# KERNEL: Time: 0 ps,  Iteration: 0,  Instance: /DUT1/row__1/col__1/check_right_boundary,  Process: line__71.
# KERNEL: WARNING: There is an 'U'|'X'|'W'|'Z'|'-' in an arithmetic operand, the result will be 'X'(es).
# KERNEL: Time: 0 ps,  Iteration: 0,  Instance: /DUT1/row__1/col__1/check_top_boundary,  Process: line__78.
# KERNEL: WARNING: There is an 'U'|'X'|'W'|'Z'|'-' in an arithmetic operand, the result will be 'X'(es).
# KERNEL: Time: 0 ps,  Iteration: 0,  Instance: /DUT1/row__1/col__1/check_top_boundary,  Process: line__78.
# KERNEL: WARNING: There is an 'U'|'X'|'W'|'Z'|'-' in an arithmetic operand, the result will be 'X'(es).
# KERNEL: Time: 0 ps,  Iteration: 0,  Instance: /DUT1/row__1/col__1/check_top_boundary,  Process: line__79.
# KERNEL: stopped at time: 100 ns
# add wave -noreg {/DUT1/index}
# 1 signal(s) traced.
acom -O3 -work LK_OpticaFlow -2002  $dsn/src/NeighborhoodAddressGenerator_A.vhd
# Compile...
# Warning: DAGGEN_0523: The source is compiled without the -dbg switch. Line breakpoints, code coverage, and assertion debug will not be available.
# File: C:\My_Designs\LK\LK_OpticaFlow\src\NeighborhoodAddressGenerator_A.vhd
# Compile Entity "NeighborhoodAddressGenerator_A"
# Compile Architecture "behavioral" of Entity "NeighborhoodAddressGenerator_A"
# Compile success 0 Errors 0 Warnings  Analysis time :  0.2 [s]
acom -O3 -work LK_OpticaFlow -2002  $dsn/src/NeighborhoodAddressGenerator_A.vhd
# Compile...
# Warning: DAGGEN_0523: The source is compiled without the -dbg switch. Line breakpoints, code coverage, and assertion debug will not be available.
# File: C:\My_Designs\LK\LK_OpticaFlow\src\NeighborhoodAddressGenerator_A.vhd
# Compile Entity "NeighborhoodAddressGenerator_A"
# Compile Architecture "behavioral" of Entity "NeighborhoodAddressGenerator_A"
# Compile success 0 Errors 0 Warnings  Analysis time :  0.2 [s]
acom -O3 -work LK_OpticaFlow -2002  $dsn/src/NeighborhoodAddressGenerator_A.vhd
# Compile...
# Warning: DAGGEN_0523: The source is compiled without the -dbg switch. Line breakpoints, code coverage, and assertion debug will not be available.
# File: C:\My_Designs\LK\LK_OpticaFlow\src\NeighborhoodAddressGenerator_A.v