Active-HDL 8.3.2120.sp1.14.3884  2020-01-01 14:30:44

Elaboration top modules:
Architecture                  behavioral(neighborhoodaddressgenerator_a_tb)


--------------------------------------------------------------------------------------------------------------------------------
Entity                            | Architecture | Library       | Info | Compiler Version                | Compilation Options
--------------------------------------------------------------------------------------------------------------------------------
neighborhoodaddressgenerator_a_tb | behavioral   | lk_opticaflow |      | 8.3.2120.sp1.14.3884  (Windows) | -O3 -2002
NeighborhoodAddressGenerator_A    | behavioral   | lk_opticaflow |      | 8.3.2120.sp1.14.3884  (Windows) | -O3 -2008
--------------------------------------------------------------------------------------------------------------------------------

--------------------------------------------------------------------------------------------------------------------------------
VHDL Package                                     | Library       | Info | Compiler Version                | Compilation Options
--------------------------------------------------------------------------------------------------------------------------------
standard                                         | std           |      |                                 | <unavailable>
TEXTIO                                           | std           |      | 8.3.2120.sp1.14.3884  (Windows) | -2008
std_logic_1164                                   | ieee          |      | 8.3.2120.sp1.14.3884  (Windows) | -2008
MATH_REAL                                        | ieee          |      | 8.3.2120.sp1.14.3884  (Windows) | 
std_logic_arith                                  | ieee          |      | 8.3.2120.sp1.14.3884  (Windows) | -2002
NUMERIC_STD                                      | ieee          |      | 8.3.2120.sp1.14.3884  (Windows) | -2008
LK_Package                                       | lk_opticaflow |      | 8.3.2120.sp1.14.3884  (Windows) | -O3 -2008
STD_LOGIC_UNSIGNED                               | ieee          |      | 8.3.2120.sp1.14.3884  (Windows) | -2002
--------------------------------------------------------------------------------------------------------------------------------

--------------------------------------------------------------------------------------------------------------------------------
Library                                          | Comment
--------------------------------------------------------------------------------------------------------------------------------
ieee                                             | Standard IEEE packages library
lk_opticaflow                                    | None
std                                              | Standard VHDL library
--------------------------------------------------------------------------------------------------------------------------------
